# Logfile created on 2018-08-24 10:03:28 -0400 by logger.rb/61378
I, [2018-08-24T10:03:28.612657 #69929]  INFO -- : Net::HTTP::Get: /research/honda-pilot-2019/trims
D, [2018-08-24T10:03:28.612778 #69929] DEBUG -- : request-header: accept-encoding => gzip,deflate,identity
D, [2018-08-24T10:03:28.612838 #69929] DEBUG -- : request-header: accept => */*
D, [2018-08-24T10:03:28.612864 #69929] DEBUG -- : request-header: user-agent => Mozilla/5.0 (Macintosh; Intel Mac OS X 10_11_2) AppleWebKit/601.3.9 (KHTML, like Gecko) Version/9.0.2 Safari/601.3.9
D, [2018-08-24T10:03:28.612888 #69929] DEBUG -- : request-header: accept-charset => ISO-8859-1,utf-8;q=0.7,*;q=0.7
D, [2018-08-24T10:03:28.612909 #69929] DEBUG -- : request-header: accept-language => en-us,en;q=0.5
D, [2018-08-24T10:03:28.612929 #69929] DEBUG -- : request-header: host => www.cars.com
I, [2018-08-24T10:03:28.853975 #69929]  INFO -- : status: Net::HTTPMovedPermanently 1.1 301 Moved Permanently
D, [2018-08-24T10:03:28.854083 #69929] DEBUG -- : response-header: content-length => 0
D, [2018-08-24T10:03:28.854128 #69929] DEBUG -- : response-header: fly-request-id => bIYWabtVXx1kCVZJbB7MYd48qQ
D, [2018-08-24T10:03:28.854167 #69929] DEBUG -- : response-header: location => //www.cars.com/research/honda-pilot-2019/trims/
D, [2018-08-24T10:03:28.854207 #69929] DEBUG -- : response-header: server => Fly.io/0.1.1
D, [2018-08-24T10:03:28.854245 #69929] DEBUG -- : response-header: x-ua-compatible => IE=edge
D, [2018-08-24T10:03:28.854283 #69929] DEBUG -- : response-header: content-type => text/plain; charset=utf-8
D, [2018-08-24T10:03:28.854320 #69929] DEBUG -- : response-header: cache-control => max-age=86400
D, [2018-08-24T10:03:28.854399 #69929] DEBUG -- : response-header: expires => Sat, 25 Aug 2018 14:03:28 GMT
D, [2018-08-24T10:03:28.854446 #69929] DEBUG -- : response-header: date => Fri, 24 Aug 2018 14:03:28 GMT
D, [2018-08-24T10:03:28.854487 #69929] DEBUG -- : response-header: connection => keep-alive
D, [2018-08-24T10:03:28.854527 #69929] DEBUG -- : response-header: set-cookie => rollout=41;expires=Wed, 23-Aug-2023 14:03:28 GMT;path=/;, TS01952cdc=01fce1e7c4ad02392a6b59589eb8b95d25fbc2aab882190c57d4e9e095e0bd146aa8f84bc76ccea88a7e1b220b14ab3bf4ad63e5cf; Path=/, ak_bmsc=0A07131D59AD845A8B3E7F6F06EF9B5CD0B976BB174A00003010805B215EB041~plxx8rpxoRRG/aK+ye/Fjgz6AvGU66DBFNyl1iQl8wCJ/Eaf6Zq2l2v/+XRpVjoNESs2IOQkYfs97iK+aojgn+5SVuxYUuUbPzC1s/yhFzQ8Iw22orMyPpchOM5TREoI6vq6cQFRwhEm6Oug9jnt7/G6lAPc3nZE3EaV3MdMMKEFkPSipSDQflctw/LCMDX+GUp5DSTg7Y1eXLmv3Vul/lP5Irmv8wMH/E4Uwri/UhC9s=; expires=Fri, 24 Aug 2018 16:03:28 GMT; max-age=7200; path=/; domain=.cars.com; HttpOnly, akaas_research_abtest=1535205808~rv=53~id=b5f8c092567534b61c4c54ccf569f8a6~rn=flyio-exp01; path=/; Expires=Sat, 25 Aug 2018 14:03:28 GMT
D, [2018-08-24T10:03:28.854566 #69929] DEBUG -- : response-header: content-language => en-US
D, [2018-08-24T10:03:28.854718 #69929] DEBUG -- : Read 0 bytes (0 total)
D, [2018-08-24T10:03:28.871230 #69929] DEBUG -- : saved cookie: rollout=41
D, [2018-08-24T10:03:28.871456 #69929] DEBUG -- : saved cookie: TS01952cdc=01fce1e7c4ad02392a6b59589eb8b95d25fbc2aab882190c57d4e9e095e0bd146aa8f84bc76ccea88a7e1b220b14ab3bf4ad63e5cf
D, [2018-08-24T10:03:28.872712 #69929] DEBUG -- : saved cookie: ak_bmsc=0A07131D59AD845A8B3E7F6F06EF9B5CD0B976BB174A00003010805B215EB041~plxx8rpxoRRG/aK+ye/Fjgz6AvGU66DBFNyl1iQl8wCJ/Eaf6Zq2l2v/+XRpVjoNESs2IOQkYfs97iK+aojgn+5SVuxYUuUbPzC1s/yhFzQ8Iw22orMyPpchOM5TREoI6vq6cQFRwhEm6Oug9jnt7/G6lAPc3nZE3EaV3MdMMKEFkPSipSDQflctw/LCMDX+GUp5DSTg7Y1eXLmv3Vul/lP5Irmv8wMH/E4Uwri/UhC9s=
D, [2018-08-24T10:03:28.873003 #69929] DEBUG -- : saved cookie: akaas_research_abtest=1535205808~rv=53~id=b5f8c092567534b61c4c54ccf569f8a6~rn=flyio-exp01
I, [2018-08-24T10:03:28.873091 #69929]  INFO -- : follow redirect to: //www.cars.com/research/honda-pilot-2019/trims/
I, [2018-08-24T10:03:28.874731 #69929]  INFO -- : Net::HTTP::Get: /research/honda-pilot-2019/trims/
D, [2018-08-24T10:03:28.874798 #69929] DEBUG -- : request-header: accept-encoding => gzip,deflate,identity
D, [2018-08-24T10:03:28.874845 #69929] DEBUG -- : request-header: accept => */*
D, [2018-08-24T10:03:28.874918 #69929] DEBUG -- : request-header: user-agent => Mozilla/5.0 (Macintosh; Intel Mac OS X 10_11_2) AppleWebKit/601.3.9 (KHTML, like Gecko) Version/9.0.2 Safari/601.3.9
D, [2018-08-24T10:03:28.874958 #69929] DEBUG -- : request-header: accept-charset => ISO-8859-1,utf-8;q=0.7,*;q=0.7
D, [2018-08-24T10:03:28.874992 #69929] DEBUG -- : request-header: accept-language => en-us,en;q=0.5
D, [2018-08-24T10:03:28.875029 #69929] DEBUG -- : request-header: cookie => TS01952cdc=01fce1e7c4ad02392a6b59589eb8b95d25fbc2aab882190c57d4e9e095e0bd146aa8f84bc76ccea88a7e1b220b14ab3bf4ad63e5cf; ak_bmsc=0A07131D59AD845A8B3E7F6F06EF9B5CD0B976BB174A00003010805B215EB041~plxx8rpxoRRG/aK+ye/Fjgz6AvGU66DBFNyl1iQl8wCJ/Eaf6Zq2l2v/+XRpVjoNESs2IOQkYfs97iK+aojgn+5SVuxYUuUbPzC1s/yhFzQ8Iw22orMyPpchOM5TREoI6vq6cQFRwhEm6Oug9jnt7/G6lAPc3nZE3EaV3MdMMKEFkPSipSDQflctw/LCMDX+GUp5DSTg7Y1eXLmv3Vul/lP5Irmv8wMH/E4Uwri/UhC9s=; akaas_research_abtest=1535205808~rv=53~id=b5f8c092567534b61c4c54ccf569f8a6~rn=flyio-exp01; rollout=41
D, [2018-08-24T10:03:28.875068 #69929] DEBUG -- : request-header: host => www.cars.com
I, [2018-08-24T10:03:28.958667 #69929]  INFO -- : status: Net::HTTPOK 1.1 200 OK
D, [2018-08-24T10:03:28.958765 #69929] DEBUG -- : response-header: content-encoding => gzip
D, [2018-08-24T10:03:28.958810 #69929] DEBUG -- : response-header: content-type => text/html; charset=utf-8
D, [2018-08-24T10:03:28.958853 #69929] DEBUG -- : response-header: etag => 8bcc93dcce06fa0270c9693fb1a390bfddd0932d
D, [2018-08-24T10:03:28.958888 #69929] DEBUG -- : response-header: fly-age => 37
D, [2018-08-24T10:03:28.958923 #69929] DEBUG -- : response-header: fly-cache => HIT
D, [2018-08-24T10:03:28.958957 #69929] DEBUG -- : response-header: fly-request-id => bIYWabuoogbCPdAP1b9eTO535F
D, [2018-08-24T10:03:28.958988 #69929] DEBUG -- : response-header: server => Fly.io/0.1.1
D, [2018-08-24T10:03:28.959020 #69929] DEBUG -- : response-header: vary => Accept-Encoding
D, [2018-08-24T10:03:28.959051 #69929] DEBUG -- : response-header: x-akamai-transformed => 9 - 0 pmb=mTOE,2mRUM,1
D, [2018-08-24T10:03:28.959853 #69929] DEBUG -- : response-header: cache-control => max-age=86333
D, [2018-08-24T10:03:28.959893 #69929] DEBUG -- : response-header: expires => Sat, 25 Aug 2018 14:02:21 GMT
D, [2018-08-24T10:03:28.959929 #69929] DEBUG -- : response-header: date => Fri, 24 Aug 2018 14:03:28 GMT
D, [2018-08-24T10:03:28.959962 #69929] DEBUG -- : response-header: transfer-encoding => chunked
D, [2018-08-24T10:03:28.959995 #69929] DEBUG -- : response-header: connection => keep-alive, Transfer-Encoding
D, [2018-08-24T10:03:28.960029 #69929] DEBUG -- : response-header: set-cookie => affiliate=national; Secure; SameSite=Strict; Domain=.www.cars.com; Path=/, BIGipServercars_dockerapp_swarm_prd=2420249772.20480.0000; path=/, TS01952cdc=01fce1e7c4bd17a9a084152cc5a41f5e174f12f1247d86203303436c4c40ac9fa69532cd16299f9706ec573d17d8655bd625a84161; Path=/, TS01bf77fc=01fce1e7c40da2809765ca9d722d468e1d52866748e189a501093ac36f170047465401e995fbf27e90d9f64103f124b8d5923c7664; path=/; domain=.www.cars.com, BIGipServercars_docker_rendering_prd=4198634668.16389.0000; path=/, rollout=59;expires=Wed, 23-Aug-2023 14:02:52 GMT;path=/;, TS01952cdc=01fce1e7c49d97c62f639f76cd2f4617c306bcac37e1caefcafd5a621fe894ac5c6726f19ff9917ede7ec72e8964d878c0e93a6ed6a5fb907aef9457c75ed7c95d7018f6be97c41557fa3ecfa7219edf46b2cbb9af4a384cdc923c381e317722a1160f1d05; Path=/, TS01bf77fc=01fce1e7c422789608a86b42e74747be7bced4df615706da1a1ded43ad4f52fbe1bde465e5bbe4e27dbeb2dcdf8adbe5dcfbcfd115bb7038e5f1e32944f5ff41b335f37a16; path=/; domain=.www.cars.com, bm_mi=FAB02FFBD3513184BDA31AFF112366FE~2N3zoVr9+GImI62enKFmQsgiDkjyHTAasUFCVivJ2GHZNTxMy0e+b74DX2FRZrwj6ggkMfgNBBvZhjUucZNWpZMHQ2RrkajyJ0dJ5oHKOWUZXUw29AsaR5ptySLpwR4x7ZflksYzTpKZJcfByYBbyDz2K5W+22c5MCC882fB79vsIX7jIjMRKiq+Wt+cgZcyXc6cAO807+cfbgu8OzO9SmoCQookx1PYi2WHrkRD839+hMd5wjouV4NyFOITVChzCJ/nwro5WQlWd9XZYai26w==; Domain=.cars.com; Path=/; Max-Age=7200; HttpOnly, bm_sv=727D4F31FE8B4794318339581C34AEE0~ua9xYuIFYkzceatf4SWIH3ttvtX9JfpqhLslgQfrjHhgK11ZgA7QAhys5cW76vXJvieXQpnTVSUTeSeZ2zPYJmPWu3E2Tpo16DwnvU9muoLlT5ikwXauU2v45iW2MUSr1T8SNpAQsr1oIrMAH/lutA==; Domain=.cars.com; Path=/; Max-Age=7200; HttpOnly
D, [2018-08-24T10:03:28.960096 #69929] DEBUG -- : response-header: content-language => en-US
D, [2018-08-24T10:03:28.960219 #69929] DEBUG -- : Read 14265 bytes (14265 total)
D, [2018-08-24T10:03:28.995268 #69929] DEBUG -- : Read 10311 bytes (24576 total)
D, [2018-08-24T10:03:28.995466 #69929] DEBUG -- : Read 16374 bytes (40950 total)
D, [2018-08-24T10:03:28.995544 #69929] DEBUG -- : Read 36 bytes (40986 total)
D, [2018-08-24T10:03:28.995679 #69929] DEBUG -- : Read 14204 bytes (55190 total)
D, [2018-08-24T10:03:28.995818 #69929] DEBUG -- : Read 12893 bytes (68083 total)
D, [2018-08-24T10:03:28.996031 #69929] DEBUG -- : gzip response
D, [2018-08-24T10:03:29.016258 #69929] DEBUG -- : saved cookie: affiliate=national
D, [2018-08-24T10:03:29.016360 #69929] DEBUG -- : saved cookie: BIGipServercars_dockerapp_swarm_prd=2420249772.20480.0000
D, [2018-08-24T10:03:29.016441 #69929] DEBUG -- : saved cookie: TS01952cdc=01fce1e7c4bd17a9a084152cc5a41f5e174f12f1247d86203303436c4c40ac9fa69532cd16299f9706ec573d17d8655bd625a84161
D, [2018-08-24T10:03:29.016515 #69929] DEBUG -- : saved cookie: TS01bf77fc=01fce1e7c40da2809765ca9d722d468e1d52866748e189a501093ac36f170047465401e995fbf27e90d9f64103f124b8d5923c7664
D, [2018-08-24T10:03:29.016580 #69929] DEBUG -- : saved cookie: BIGipServercars_docker_rendering_prd=4198634668.16389.0000
D, [2018-08-24T10:03:29.016643 #69929] DEBUG -- : saved cookie: rollout=59
D, [2018-08-24T10:03:29.016727 #69929] DEBUG -- : saved cookie: TS01952cdc=01fce1e7c49d97c62f639f76cd2f4617c306bcac37e1caefcafd5a621fe894ac5c6726f19ff9917ede7ec72e8964d878c0e93a6ed6a5fb907aef9457c75ed7c95d7018f6be97c41557fa3ecfa7219edf46b2cbb9af4a384cdc923c381e317722a1160f1d05
D, [2018-08-24T10:03:29.016825 #69929] DEBUG -- : saved cookie: TS01bf77fc=01fce1e7c422789608a86b42e74747be7bced4df615706da1a1ded43ad4f52fbe1bde465e5bbe4e27dbeb2dcdf8adbe5dcfbcfd115bb7038e5f1e32944f5ff41b335f37a16
D, [2018-08-24T10:03:29.018121 #69929] DEBUG -- : saved cookie: bm_mi=FAB02FFBD3513184BDA31AFF112366FE~2N3zoVr9+GImI62enKFmQsgiDkjyHTAasUFCVivJ2GHZNTxMy0e+b74DX2FRZrwj6ggkMfgNBBvZhjUucZNWpZMHQ2RrkajyJ0dJ5oHKOWUZXUw29AsaR5ptySLpwR4x7ZflksYzTpKZJcfByYBbyDz2K5W+22c5MCC882fB79vsIX7jIjMRKiq+Wt+cgZcyXc6cAO807+cfbgu8OzO9SmoCQookx1PYi2WHrkRD839+hMd5wjouV4NyFOITVChzCJ/nwro5WQlWd9XZYai26w==
D, [2018-08-24T10:03:29.018364 #69929] DEBUG -- : saved cookie: bm_sv=727D4F31FE8B4794318339581C34AEE0~ua9xYuIFYkzceatf4SWIH3ttvtX9JfpqhLslgQfrjHhgK11ZgA7QAhys5cW76vXJvieXQpnTVSUTeSeZ2zPYJmPWu3E2Tpo16DwnvU9muoLlT5ikwXauU2v45iW2MUSr1T8SNpAQsr1oIrMAH/lutA==
I, [2018-08-24T10:03:29.254240 #69929]  INFO -- : Net::HTTP::Get: /research/honda-pilot-2019/specs/usc90hos032a0/
D, [2018-08-24T10:03:29.254299 #69929] DEBUG -- : request-header: accept-encoding => gzip,deflate,identity
D, [2018-08-24T10:03:29.254327 #69929] DEBUG -- : request-header: accept => */*
D, [2018-08-24T10:03:29.254349 #69929] DEBUG -- : request-header: user-agent => Mozilla/5.0 (Macintosh; Intel Mac OS X 10_11_2) AppleWebKit/601.3.9 (KHTML, like Gecko) Version/9.0.2 Safari/601.3.9
D, [2018-08-24T10:03:29.254371 #69929] DEBUG -- : request-header: accept-charset => ISO-8859-1,utf-8;q=0.7,*;q=0.7
D, [2018-08-24T10:03:29.254391 #69929] DEBUG -- : request-header: accept-language => en-us,en;q=0.5
D, [2018-08-24T10:03:29.254411 #69929] DEBUG -- : request-header: cookie => BIGipServercars_docker_rendering_prd=4198634668.16389.0000; BIGipServercars_dockerapp_swarm_prd=2420249772.20480.0000; TS01952cdc=01fce1e7c49d97c62f639f76cd2f4617c306bcac37e1caefcafd5a621fe894ac5c6726f19ff9917ede7ec72e8964d878c0e93a6ed6a5fb907aef9457c75ed7c95d7018f6be97c41557fa3ecfa7219edf46b2cbb9af4a384cdc923c381e317722a1160f1d05; TS01bf77fc=01fce1e7c422789608a86b42e74747be7bced4df615706da1a1ded43ad4f52fbe1bde465e5bbe4e27dbeb2dcdf8adbe5dcfbcfd115bb7038e5f1e32944f5ff41b335f37a16; affiliate=national; ak_bmsc=0A07131D59AD845A8B3E7F6F06EF9B5CD0B976BB174A00003010805B215EB041~plxx8rpxoRRG/aK+ye/Fjgz6AvGU66DBFNyl1iQl8wCJ/Eaf6Zq2l2v/+XRpVjoNESs2IOQkYfs97iK+aojgn+5SVuxYUuUbPzC1s/yhFzQ8Iw22orMyPpchOM5TREoI6vq6cQFRwhEm6Oug9jnt7/G6lAPc3nZE3EaV3MdMMKEFkPSipSDQflctw/LCMDX+GUp5DSTg7Y1eXLmv3Vul/lP5Irmv8wMH/E4Uwri/UhC9s=; akaas_research_abtest=1535205808~rv=53~id=b5f8c092567534b61c4c54ccf569f8a6~rn=flyio-exp01; bm_mi=FAB02FFBD3513184BDA31AFF112366FE~2N3zoVr9+GImI62enKFmQsgiDkjyHTAasUFCVivJ2GHZNTxMy0e+b74DX2FRZrwj6ggkMfgNBBvZhjUucZNWpZMHQ2RrkajyJ0dJ5oHKOWUZXUw29AsaR5ptySLpwR4x7ZflksYzTpKZJcfByYBbyDz2K5W+22c5MCC882fB79vsIX7jIjMRKiq+Wt+cgZcyXc6cAO807+cfbgu8OzO9SmoCQookx1PYi2WHrkRD839+hMd5wjouV4NyFOITVChzCJ/nwro5WQlWd9XZYai26w==; bm_sv=727D4F31FE8B4794318339581C34AEE0~ua9xYuIFYkzceatf4SWIH3ttvtX9JfpqhLslgQfrjHhgK11ZgA7QAhys5cW76vXJvieXQpnTVSUTeSeZ2zPYJmPWu3E2Tpo16DwnvU9muoLlT5ikwXauU2v45iW2MUSr1T8SNpAQsr1oIrMAH/lutA==; rollout=59
D, [2018-08-24T10:03:29.254455 #69929] DEBUG -- : request-header: host => www.cars.com
I, [2018-08-24T10:03:29.416603 #69929]  INFO -- : status: Net::HTTPOK 1.1 200 OK
D, [2018-08-24T10:03:29.416684 #69929] DEBUG -- : response-header: content-encoding => gzip
D, [2018-08-24T10:03:29.416709 #69929] DEBUG -- : response-header: content-type => text/html; charset=utf-8
D, [2018-08-24T10:03:29.416729 #69929] DEBUG -- : response-header: etag => b967b4dc435ca0af6db657543772db6fa53cea3f
D, [2018-08-24T10:03:29.416750 #69929] DEBUG -- : response-header: fly-age => 26
D, [2018-08-24T10:03:29.416768 #69929] DEBUG -- : response-header: fly-cache => HIT
D, [2018-08-24T10:03:29.416787 #69929] DEBUG -- : response-header: fly-request-id => bIYWabzleUGUhQcwHP1BYNE0zD
D, [2018-08-24T10:03:29.416808 #69929] DEBUG -- : response-header: server => Fly.io/0.1.1
D, [2018-08-24T10:03:29.416828 #69929] DEBUG -- : response-header: vary => Accept-Encoding
D, [2018-08-24T10:03:29.416857 #69929] DEBUG -- : response-header: x-akamai-transformed => 9 73091 0 pmb=mTOE,2
D, [2018-08-24T10:03:29.416878 #69929] DEBUG -- : response-header: cache-control => max-age=86400
D, [2018-08-24T10:03:29.416896 #69929] DEBUG -- : response-header: expires => Sat, 25 Aug 2018 14:03:29 GMT
D, [2018-08-24T10:03:29.416914 #69929] DEBUG -- : response-header: date => Fri, 24 Aug 2018 14:03:29 GMT
D, [2018-08-24T10:03:29.416932 #69929] DEBUG -- : response-header: transfer-encoding => chunked
D, [2018-08-24T10:03:29.416950 #69929] DEBUG -- : response-header: connection => keep-alive, Transfer-Encoding
D, [2018-08-24T10:03:29.416969 #69929] DEBUG -- : response-header: set-cookie => affiliate=national; Secure; SameSite=Strict; Domain=.www.cars.com; Path=/, BIGipServercars_dockerapp_swarm_prd=2403472556.20480.0000; path=/, TS01952cdc=01fce1e7c4a6e0bcdfc5d415178837fbbdb122c90ec0747dc5bb7ac0bef9c38708ffe6542932eb1e64571319234684db0ee3882942; Path=/, TS01bf77fc=01fce1e7c459d2be99c9572510e9ef7f838a4038cb42fe161c235ef4d3d855d6dcd97382cee23419c9bc24d2e799ddbd4aa3707863; path=/; domain=.www.cars.com, BIGipServercars_docker_rendering_prd=4198634668.15877.0000; path=/, TS01952cdc=01fce1e7c45d5fe2c4657307012aef60e76383d467d27d4ed4b5a2ff88d42a185106670a1ac657cfc0b67770af1120e90d3c50cd5c96cb310c581ac83febe419526749fc2af444e14217a876aab4a97ad81eb2609855d86c393e750008368feb2b4bed684fffbd5ff25756fec05c691609f869820d34b63597ba9a16b42b9f95566890dff4539b441aa5c268b0403f2563122f803b8678b60e43fe0335625a461cece37969; Path=/, TS01bf77fc=01fce1e7c44d662c075517f80548200be69ed6c8234f020965fee1f8dd0e48435b82bd76408ab79cbf89baae28e868f65157067297807e1a15c60459dda5a9867b671268935fcfea62197d6f852e16f1e2c84be77bcc92364a995bc151016aec2bd152352240130c3bc727c26e9be48c1224fa17c7; path=/; domain=.www.cars.com, bm_sv=727D4F31FE8B4794318339581C34AEE0~ua9xYuIFYkzceatf4SWIH3ttvtX9JfpqhLslgQfrjHhgK11ZgA7QAhys5cW76vXJvieXQpnTVSUTeSeZ2zPYJmPWu3E2Tpo16DwnvU9muoIYMsebbQulmVIC4OFxN0jGAu4hqAlVtGIQfsGTxovXxg==; Domain=.cars.com; Path=/; Max-Age=7199; HttpOnly
D, [2018-08-24T10:03:29.416993 #69929] DEBUG -- : response-header: content-language => en-US
D, [2018-08-24T10:03:29.417090 #69929] DEBUG -- : Read 14484 bytes (14484 total)
D, [2018-08-24T10:03:29.418193 #69929] DEBUG -- : Read 10092 bytes (24576 total)
D, [2018-08-24T10:03:29.421634 #69929] DEBUG -- : Read 16127 bytes (40703 total)
D, [2018-08-24T10:03:29.439490 #69929] DEBUG -- : Read 14593 bytes (55296 total)
D, [2018-08-24T10:03:29.442976 #69929] DEBUG -- : Read 16374 bytes (71670 total)
D, [2018-08-24T10:03:29.443059 #69929] DEBUG -- : Read 10 bytes (71680 total)
D, [2018-08-24T10:03:29.443590 #69929] DEBUG -- : Read 1617 bytes (73297 total)
D, [2018-08-24T10:03:29.443730 #69929] DEBUG -- : gzip response
D, [2018-08-24T10:03:29.456723 #69929] DEBUG -- : saved cookie: affiliate=national
D, [2018-08-24T10:03:29.456808 #69929] DEBUG -- : saved cookie: BIGipServercars_dockerapp_swarm_prd=2403472556.20480.0000
D, [2018-08-24T10:03:29.456851 #69929] DEBUG -- : saved cookie: TS01952cdc=01fce1e7c4a6e0bcdfc5d415178837fbbdb122c90ec0747dc5bb7ac0bef9c38708ffe6542932eb1e64571319234684db0ee3882942
D, [2018-08-24T10:03:29.456885 #69929] DEBUG -- : saved cookie: TS01bf77fc=01fce1e7c459d2be99c9572510e9ef7f838a4038cb42fe161c235ef4d3d855d6dcd97382cee23419c9bc24d2e799ddbd4aa3707863
D, [2018-08-24T10:03:29.456916 #69929] DEBUG -- : saved cookie: BIGipServercars_docker_rendering_prd=4198634668.15877.0000
D, [2018-08-24T10:03:29.456948 #69929] DEBUG -- : saved cookie: TS01952cdc=01fce1e7c45d5fe2c4657307012aef60e76383d467d27d4ed4b5a2ff88d42a185106670a1ac657cfc0b67770af1120e90d3c50cd5c96cb310c581ac83febe419526749fc2af444e14217a876aab4a97ad81eb2609855d86c393e750008368feb2b4bed684fffbd5ff25756fec05c691609f869820d34b63597ba9a16b42b9f95566890dff4539b441aa5c268b0403f2563122f803b8678b60e43fe0335625a461cece37969
D, [2018-08-24T10:03:29.456983 #69929] DEBUG -- : saved cookie: TS01bf77fc=01fce1e7c44d662c075517f80548200be69ed6c8234f020965fee1f8dd0e48435b82bd76408ab79cbf89baae28e868f65157067297807e1a15c60459dda5a9867b671268935fcfea62197d6f852e16f1e2c84be77bcc92364a995bc151016aec2bd152352240130c3bc727c26e9be48c1224fa17c7
D, [2018-08-24T10:03:29.457162 #69929] DEBUG -- : saved cookie: bm_sv=727D4F31FE8B4794318339581C34AEE0~ua9xYuIFYkzceatf4SWIH3ttvtX9JfpqhLslgQfrjHhgK11ZgA7QAhys5cW76vXJvieXQpnTVSUTeSeZ2zPYJmPWu3E2Tpo16DwnvU9muoIYMsebbQulmVIC4OFxN0jGAu4hqAlVtGIQfsGTxovXxg==
I, [2018-08-24T10:03:32.065088 #69929]  INFO -- : Net::HTTP::Get: /research/honda-pilot-2019/specs/usc90hos031a0/
D, [2018-08-24T10:03:32.065169 #69929] DEBUG -- : request-header: accept-encoding => gzip,deflate,identity
D, [2018-08-24T10:03:32.065196 #69929] DEBUG -- : request-header: accept => */*
D, [2018-08-24T10:03:32.065218 #69929] DEBUG -- : request-header: user-agent => Mozilla/5.0 (Macintosh; Intel Mac OS X 10_11_2) AppleWebKit/601.3.9 (KHTML, like Gecko) Version/9.0.2 Safari/601.3.9
D, [2018-08-24T10:03:32.065238 #69929] DEBUG -- : request-header: accept-charset => ISO-8859-1,utf-8;q=0.7,*;q=0.7
D, [2018-08-24T10:03:32.065258 #69929] DEBUG -- : request-header: accept-language => en-us,en;q=0.5
D, [2018-08-24T10:03:32.065278 #69929] DEBUG -- : request-header: cookie => BIGipServercars_docker_rendering_prd=4198634668.15877.0000; BIGipServercars_dockerapp_swarm_prd=2403472556.20480.0000; TS01952cdc=01fce1e7c45d5fe2c4657307012aef60e76383d467d27d4ed4b5a2ff88d42a185106670a1ac657cfc0b67770af1120e90d3c50cd5c96cb310c581ac83febe419526749fc2af444e14217a876aab4a97ad81eb2609855d86c393e750008368feb2b4bed684fffbd5ff25756fec05c691609f869820d34b63597ba9a16b42b9f95566890dff4539b441aa5c268b0403f2563122f803b8678b60e43fe0335625a461cece37969; TS01bf77fc=01fce1e7c44d662c075517f80548200be69ed6c8234f020965fee1f8dd0e48435b82bd76408ab79cbf89baae28e868f65157067297807e1a15c60459dda5a9867b671268935fcfea62197d6f852e16f1e2c84be77bcc92364a995bc151016aec2bd152352240130c3bc727c26e9be48c1224fa17c7; affiliate=national; ak_bmsc=0A07131D59AD845A8B3E7F6F06EF9B5CD0B976BB174A00003010805B215EB041~plxx8rpxoRRG/aK+ye/Fjgz6AvGU66DBFNyl1iQl8wCJ/Eaf6Zq2l2v/+XRpVjoNESs2IOQkYfs97iK+aojgn+5SVuxYUuUbPzC1s/yhFzQ8Iw22orMyPpchOM5TREoI6vq6cQFRwhEm6Oug9jnt7/G6lAPc3nZE3EaV3MdMMKEFkPSipSDQflctw/LCMDX+GUp5DSTg7Y1eXLmv3Vul/lP5Irmv8wMH/E4Uwri/UhC9s=; akaas_research_abtest=1535205808~rv=53~id=b5f8c092567534b61c4c54ccf569f8a6~rn=flyio-exp01; bm_mi=FAB02FFBD3513184BDA31AFF112366FE~2N3zoVr9+GImI62enKFmQsgiDkjyHTAasUFCVivJ2GHZNTxMy0e+b74DX2FRZrwj6ggkMfgNBBvZhjUucZNWpZMHQ2RrkajyJ0dJ5oHKOWUZXUw29AsaR5ptySLpwR4x7ZflksYzTpKZJcfByYBbyDz2K5W+22c5MCC882fB79vsIX7jIjMRKiq+Wt+cgZcyXc6cAO807+cfbgu8OzO9SmoCQookx1PYi2WHrkRD839+hMd5wjouV4NyFOITVChzCJ/nwro5WQlWd9XZYai26w==; bm_sv=727D4F31FE8B4794318339581C34AEE0~ua9xYuIFYkzceatf4SWIH3ttvtX9JfpqhLslgQfrjHhgK11ZgA7QAhys5cW76vXJvieXQpnTVSUTeSeZ2zPYJmPWu3E2Tpo16DwnvU9muoIYMsebbQulmVIC4OFxN0jGAu4hqAlVtGIQfsGTxovXxg==; rollout=59
D, [2018-08-24T10:03:32.065321 #69929] DEBUG -- : request-header: host => www.cars.com
I, [2018-08-24T10:03:32.202864 #69929]  INFO -- : status: Net::HTTPOK 1.1 200 OK
D, [2018-08-24T10:03:32.202943 #69929] DEBUG -- : response-header: content-encoding => gzip
D, [2018-08-24T10:03:32.202968 #69929] DEBUG -- : response-header: content-type => text/html; charset=utf-8
D, [2018-08-24T10:03:32.202988 #69929] DEBUG -- : response-header: etag => e29a282fdb813a882e049d9d262cfdc534f4331b
D, [2018-08-24T10:03:32.203007 #69929] DEBUG -- : response-header: fly-age => 8444
D, [2018-08-24T10:03:32.203026 #69929] DEBUG -- : response-header: fly-cache => HIT+REFRESH (300s)
D, [2018-08-24T10:03:32.203044 #69929] DEBUG -- : response-header: fly-request-id => bIYWacC3eAYhFnoV93llA1uvmV
D, [2018-08-24T10:03:32.203062 #69929] DEBUG -- : response-header: server => Fly.io/0.1.1
D, [2018-08-24T10:03:32.203080 #69929] DEBUG -- : response-header: vary => Accept-Encoding
D, [2018-08-24T10:03:32.203098 #69929] DEBUG -- : response-header: x-akamai-transformed => 9 - 0 pmb=mTOE,2
D, [2018-08-24T10:03:32.203116 #69929] DEBUG -- : response-header: cache-control => max-age=78005
D, [2018-08-24T10:03:32.203134 #69929] DEBUG -- : response-header: expires => Sat, 25 Aug 2018 11:43:37 GMT
D, [2018-08-24T10:03:32.203151 #69929] DEBUG -- : response-header: date => Fri, 24 Aug 2018 14:03:32 GMT
D, [2018-08-24T10:03:32.203172 #69929] DEBUG -- : response-header: transfer-encoding => chunked
D, [2018-08-24T10:03:32.203190 #69929] DEBUG -- : response-header: connection => keep-alive, Transfer-Encoding
D, [2018-08-24T10:03:32.203208 #69929] DEBUG -- : response-header: set-cookie => zipcode=60606; Secure; HttpOnly; SameSite=Strict; Path=/, BIGipServercars_dockerapp_swarm_prd=2369918124.20480.0000; path=/, TS01952cdc=01fce1e7c4a5f63d7b3f1a54f82d52d265b67431e6e5c8451ff2953050ca33ed07dc1f14856485d59e60aee06ec18beba95c7189f3232fbcd2dd0a77b83879e5bdec8e66e1; Path=/, TS01952cdc=01fce1e7c44fd615675204db25ec725441b6abddbb581ba5ebf031e77281ba1f609034030f53e5fad6de18992227660423902f60441ba7ad9a247e315b67f3ae2448bd2fcbb7c4cacf43373cebf132a3c8e12cf1232011b11ceee59a7952bf0182a126e9ef21cae9c4f01d16b4c83f879846cad42e400adc4d14b93a469164d3c401a68ab648382406c1eec590cb21b63df56d140eadd9afee206be31a273f5ad9dd8b6f3d92bc55901affb4a11969035051b9efdba401750d1420daa22a3346fc6af45e1324c1509d8ba8ae7aea87e0afdbbb4e6857f7ce0ad29ec566d9c0a9115bf802533d0d9d126f792040f1ae3784c63f597a31cd10fd6da4c6327e21da6bd3f5d538ff351ebb5c11bd356e730604ecea88b4b47847001e901310ccaacf0dae770d1f; Path=/, bm_sv=727D4F31FE8B4794318339581C34AEE0~ua9xYuIFYkzceatf4SWIH3ttvtX9JfpqhLslgQfrjHhgK11ZgA7QAhys5cW76vXJvieXQpnTVSUTeSeZ2zPYJmPWu3E2Tpo16DwnvU9muoJEbADTl8/Vq1OyAKzUmea9FKkVfo6CVqduqM58KKNNlg==; Domain=.cars.com; Path=/; Max-Age=7196; HttpOnly
D, [2018-08-24T10:03:32.203228 #69929] DEBUG -- : response-header: content-language => en-US
D, [2018-08-24T10:03:32.203329 #69929] DEBUG -- : Read 14694 bytes (14694 total)
D, [2018-08-24T10:03:32.204880 #69929] DEBUG -- : Read 9882 bytes (24576 total)
D, [2018-08-24T10:03:32.207384 #69929] DEBUG -- : Read 16126 bytes (40702 total)
D, [2018-08-24T10:03:32.209279 #69929] DEBUG -- : Read 14591 bytes (55293 total)
D, [2018-08-24T10:03:32.211737 #69929] DEBUG -- : Read 16374 bytes (71667 total)
D, [2018-08-24T10:03:32.211780 #69929] DEBUG -- : Read 10 bytes (71677 total)
D, [2018-08-24T10:03:32.211827 #69929] DEBUG -- : Read 1658 bytes (73335 total)
D, [2018-08-24T10:03:32.212595 #69929] DEBUG -- : gzip response
D, [2018-08-24T10:03:32.226090 #69929] DEBUG -- : saved cookie: zipcode=60606
D, [2018-08-24T10:03:32.226194 #69929] DEBUG -- : saved cookie: BIGipServercars_dockerapp_swarm_prd=2369918124.20480.0000
D, [2018-08-24T10:03:32.226233 #69929] DEBUG -- : saved cookie: TS01952cdc=01fce1e7c4a5f63d7b3f1a54f82d52d265b67431e6e5c8451ff2953050ca33ed07dc1f14856485d59e60aee06ec18beba95c7189f3232fbcd2dd0a77b83879e5bdec8e66e1
D, [2018-08-24T10:03:32.226268 #69929] DEBUG -- : saved cookie: TS01952cdc=01fce1e7c44fd615675204db25ec725441b6abddbb581ba5ebf031e77281ba1f609034030f53e5fad6de18992227660423902f60441ba7ad9a247e315b67f3ae2448bd2fcbb7c4cacf43373cebf132a3c8e12cf1232011b11ceee59a7952bf0182a126e9ef21cae9c4f01d16b4c83f879846cad42e400adc4d14b93a469164d3c401a68ab648382406c1eec590cb21b63df56d140eadd9afee206be31a273f5ad9dd8b6f3d92bc55901affb4a11969035051b9efdba401750d1420daa22a3346fc6af45e1324c1509d8ba8ae7aea87e0afdbbb4e6857f7ce0ad29ec566d9c0a9115bf802533d0d9d126f792040f1ae3784c63f597a31cd10fd6da4c6327e21da6bd3f5d538ff351ebb5c11bd356e730604ecea88b4b47847001e901310ccaacf0dae770d1f
D, [2018-08-24T10:03:32.226368 #69929] DEBUG -- : saved cookie: bm_sv=727D4F31FE8B4794318339581C34AEE0~ua9xYuIFYkzceatf4SWIH3ttvtX9JfpqhLslgQfrjHhgK11ZgA7QAhys5cW76vXJvieXQpnTVSUTeSeZ2zPYJmPWu3E2Tpo16DwnvU9muoJEbADTl8/Vq1OyAKzUmea9FKkVfo6CVqduqM58KKNNlg==
I, [2018-08-24T10:03:34.077982 #69929]  INFO -- : Net::HTTP::Get: /research/honda-pilot-2019/specs/usc90hos032b0/
D, [2018-08-24T10:03:34.078052 #69929] DEBUG -- : request-header: accept-encoding => gzip,deflate,identity
D, [2018-08-24T10:03:34.078078 #69929] DEBUG -- : request-header: accept => */*
D, [2018-08-24T10:03:34.078098 #69929] DEBUG -- : request-header: user-agent => Mozilla/5.0 (Macintosh; Intel Mac OS X 10_11_2) AppleWebKit/601.3.9 (KHTML, like Gecko) Version/9.0.2 Safari/601.3.9
D, [2018-08-24T10:03:34.078118 #69929] DEBUG -- : request-header: accept-charset => ISO-8859-1,utf-8;q=0.7,*;q=0.7
D, [2018-08-24T10:03:34.078137 #69929] DEBUG -- : request-header: accept-language => en-us,en;q=0.5
D, [2018-08-24T10:03:34.078157 #69929] DEBUG -- : request-header: cookie => BIGipServercars_docker_rendering_prd=4198634668.15877.0000; BIGipServercars_dockerapp_swarm_prd=2369918124.20480.0000; TS01952cdc=01fce1e7c44fd615675204db25ec725441b6abddbb581ba5ebf031e77281ba1f609034030f53e5fad6de18992227660423902f60441ba7ad9a247e315b67f3ae2448bd2fcbb7c4cacf43373cebf132a3c8e12cf1232011b11ceee59a7952bf0182a126e9ef21cae9c4f01d16b4c83f879846cad42e400adc4d14b93a469164d3c401a68ab648382406c1eec590cb21b63df56d140eadd9afee206be31a273f5ad9dd8b6f3d92bc55901affb4a11969035051b9efdba401750d1420daa22a3346fc6af45e1324c1509d8ba8ae7aea87e0afdbbb4e6857f7ce0ad29ec566d9c0a9115bf802533d0d9d126f792040f1ae3784c63f597a31cd10fd6da4c6327e21da6bd3f5d538ff351ebb5c11bd356e730604ecea88b4b47847001e901310ccaacf0dae770d1f; TS01bf77fc=01fce1e7c44d662c075517f80548200be69ed6c8234f020965fee1f8dd0e48435b82bd76408ab79cbf89baae28e868f65157067297807e1a15c60459dda5a9867b671268935fcfea62197d6f852e16f1e2c84be77bcc92364a995bc151016aec2bd152352240130c3bc727c26e9be48c1224fa17c7; affiliate=national; ak_bmsc=0A07131D59AD845A8B3E7F6F06EF9B5CD0B976BB174A00003010805B215EB041~plxx8rpxoRRG/aK+ye/Fjgz6AvGU66DBFNyl1iQl8wCJ/Eaf6Zq2l2v/+XRpVjoNESs2IOQkYfs97iK+aojgn+5SVuxYUuUbPzC1s/yhFzQ8Iw22orMyPpchOM5TREoI6vq6cQFRwhEm6Oug9jnt7/G6lAPc3nZE3EaV3MdMMKEFkPSipSDQflctw/LCMDX+GUp5DSTg7Y1eXLmv3Vul/lP5Irmv8wMH/E4Uwri/UhC9s=; akaas_research_abtest=1535205808~rv=53~id=b5f8c092567534b61c4c54ccf569f8a6~rn=flyio-exp01; bm_mi=FAB02FFBD3513184BDA31AFF112366FE~2N3zoVr9+GImI62enKFmQsgiDkjyHTAasUFCVivJ2GHZNTxMy0e+b74DX2FRZrwj6ggkMfgNBBvZhjUucZNWpZMHQ2RrkajyJ0dJ5oHKOWUZXUw29AsaR5ptySLpwR4x7ZflksYzTpKZJcfByYBbyDz2K5W+22c5MCC882fB79vsIX7jIjMRKiq+Wt+cgZcyXc6cAO807+cfbgu8OzO9SmoCQookx1PYi2WHrkRD839+hMd5wjouV4NyFOITVChzCJ/nwro5WQlWd9XZYai26w==; bm_sv=727D4F31FE8B4794318339581C34AEE0~ua9xYuIFYkzceatf4SWIH3ttvtX9JfpqhLslgQfrjHhgK11ZgA7QAhys5cW76vXJvieXQpnTVSUTeSeZ2zPYJmPWu3E2Tpo16DwnvU9muoJEbADTl8/Vq1OyAKzUmea9FKkVfo6CVqduqM58KKNNlg==; rollout=59; zipcode=60606
D, [2018-08-24T10:03:34.078178 #69929] DEBUG -- : request-header: host => www.cars.com
I, [2018-08-24T10:03:34.236426 #69929]  INFO -- : status: Net::HTTPOK 1.1 200 OK
D, [2018-08-24T10:03:34.236552 #69929] DEBUG -- : response-header: content-encoding => gzip
D, [2018-08-24T10:03:34.236588 #69929] DEBUG -- : response-header: content-type => text/html; charset=utf-8
D, [2018-08-24T10:03:34.236616 #69929] DEBUG -- : response-header: etag => a617cdf4009a4ef08c72fe6ac2ea9caab67967cc
D, [2018-08-24T10:03:34.236644 #69929] DEBUG -- : response-header: fly-age => 41832
D, [2018-08-24T10:03:34.236670 #69929] DEBUG -- : response-header: fly-cache => HIT+REFRESH (300s)
D, [2018-08-24T10:03:34.236695 #69929] DEBUG -- : response-header: fly-request-id => bIYWacQu1eMLMqHHua3OludCPj
D, [2018-08-24T10:03:34.236721 #69929] DEBUG -- : response-header: server => Fly.io/0.1.1
D, [2018-08-24T10:03:34.236745 #69929] DEBUG -- : response-header: vary => Accept-Encoding
D, [2018-08-24T10:03:34.236770 #69929] DEBUG -- : response-header: x-akamai-transformed => 9 - 0 pmb=mTOE,2
D, [2018-08-24T10:03:34.236795 #69929] DEBUG -- : response-header: cache-control => max-age=44598
D, [2018-08-24T10:03:34.236820 #69929] DEBUG -- : response-header: expires => Sat, 25 Aug 2018 02:26:52 GMT
D, [2018-08-24T10:03:34.236845 #69929] DEBUG -- : response-header: date => Fri, 24 Aug 2018 14:03:34 GMT
D, [2018-08-24T10:03:34.237271 #69929] DEBUG -- : response-header: transfer-encoding => chunked
D, [2018-08-24T10:03:34.237327 #69929] DEBUG -- : response-header: connection => keep-alive, Transfer-Encoding
D, [2018-08-24T10:03:34.237362 #69929] DEBUG -- : response-header: set-cookie => affiliate=national; Secure; SameSite=Strict; Domain=.www.cars.com; Path=/, TS01952cdc=01fce1e7c462a64c0d2fef4222d9b261d0cf08e982cdf30de82a71546f12d9b0b6151656c9; Path=/, TS01bf77fc=01fce1e7c475fc5a42f73d7bff521090e301eaaadd30a37e6b6174e8d3034f31b812ce107bcfd1e02d81398a1810323c373b8e6bbd; path=/; domain=.www.cars.com, BIGipServercars_docker_rendering_prd=4215411884.14597.0000; path=/, TS01952cdc=01fce1e7c4b251bc2b2e1ea448e6166ce7c47fe27023aff93e25076a4ccbf2a18deb7472f3e1f3cecbb3c05c3baa4eec8d4dcecd7e25b47aec3027127d8e395c6a43da08355f8bb077eabbf5eca1182c270fb94430ac2aa5619a5010616369e2132528097bdaf74cc152149df7f607f1d4e6a9fbd424785ddc67ca63cb3181b2248012ed32; Path=/, TS01bf77fc=01fce1e7c487c4d3337a34bfe70e41ab5003a12b3123aff93e25076a4ccbf2a18deb7472f3e1f3cecbb3c05c3baa4eec8d4dcecd7e166bd42fb15f7be4efc070f517419a11d2f711adb2549af3d00589c7c7f876e92b9d9e159afc6d577f05f4aab83a6c74; path=/; domain=.www.cars.com, bm_sv=727D4F31FE8B4794318339581C34AEE0~ua9xYuIFYkzceatf4SWIH3ttvtX9JfpqhLslgQfrjHhgK11ZgA7QAhys5cW76vXJvieXQpnTVSUTeSeZ2zPYJmPWu3E2Tpo16DwnvU9muoIxPI/C3K/NhTtA9cRJUJRXuJu8zzsdslr1rxUehNJW1w==; Domain=.cars.com; Path=/; Max-Age=7194; HttpOnly
D, [2018-08-24T10:03:34.237392 #69929] DEBUG -- : response-header: content-language => en-US
D, [2018-08-24T10:03:34.237478 #69929] DEBUG -- : Read 14665 bytes (14665 total)
D, [2018-08-24T10:03:34.237922 #69929] DEBUG -- : Read 9911 bytes (24576 total)
D, [2018-08-24T10:03:34.240876 #69929] DEBUG -- : Read 16127 bytes (40703 total)
D, [2018-08-24T10:03:34.242298 #69929] DEBUG -- : Read 14591 bytes (55294 total)
D, [2018-08-24T10:03:34.270188 #69929] DEBUG -- : Read 16374 bytes (71668 total)
D, [2018-08-24T10:03:34.270307 #69929] DEBUG -- : Read 10 bytes (71678 total)
D, [2018-08-24T10:03:34.270686 #69929] DEBUG -- : Read 2163 bytes (73841 total)
D, [2018-08-24T10:03:34.270849 #69929] DEBUG -- : gzip response
D, [2018-08-24T10:03:34.286628 #69929] DEBUG -- : saved cookie: affiliate=national
D, [2018-08-24T10:03:34.286711 #69929] DEBUG -- : saved cookie: TS01952cdc=01fce1e7c462a64c0d2fef4222d9b261d0cf08e982cdf30de82a71546f12d9b0b6151656c9
D, [2018-08-24T10:03:34.286749 #69929] DEBUG -- : saved cookie: TS01bf77fc=01fce1e7c475fc5a42f73d7bff521090e301eaaadd30a37e6b6174e8d3034f31b812ce107bcfd1e02d81398a1810323c373b8e6bbd
D, [2018-08-24T10:03:34.286784 #69929] DEBUG -- : saved cookie: BIGipServercars_docker_rendering_prd=4215411884.14597.0000
D, [2018-08-24T10:03:34.286818 #69929] DEBUG -- : saved cookie: TS01952cdc=01fce1e7c4b251bc2b2e1ea448e6166ce7c47fe27023aff93e25076a4ccbf2a18deb7472f3e1f3cecbb3c05c3baa4eec8d4dcecd7e25b47aec3027127d8e395c6a43da08355f8bb077eabbf5eca1182c270fb94430ac2aa5619a5010616369e2132528097bdaf74cc152149df7f607f1d4e6a9fbd424785ddc67ca63cb3181b2248012ed32
D, [2018-08-24T10:03:34.286874 #69929] DEBUG -- : saved cookie: TS01bf77fc=01fce1e7c487c4d3337a34bfe70e41ab5003a12b3123aff93e25076a4ccbf2a18deb7472f3e1f3cecbb3c05c3baa4eec8d4dcecd7e166bd42fb15f7be4efc070f517419a11d2f711adb2549af3d00589c7c7f876e92b9d9e159afc6d577f05f4aab83a6c74
D, [2018-08-24T10:03:34.287314 #69929] DEBUG -- : saved cookie: bm_sv=727D4F31FE8B4794318339581C34AEE0~ua9xYuIFYkzceatf4SWIH3ttvtX9JfpqhLslgQfrjHhgK11ZgA7QAhys5cW76vXJvieXQpnTVSUTeSeZ2zPYJmPWu3E2Tpo16DwnvU9muoIxPI/C3K/NhTtA9cRJUJRXuJu8zzsdslr1rxUehNJW1w==
I, [2018-08-24T10:03:36.007786 #69929]  INFO -- : Net::HTTP::Get: /research/honda-pilot-2019/specs/usc90hos031b0/
D, [2018-08-24T10:03:36.007851 #69929] DEBUG -- : request-header: accept-encoding => gzip,deflate,identity
D, [2018-08-24T10:03:36.007879 #69929] DEBUG -- : request-header: accept => */*
D, [2018-08-24T10:03:36.007902 #69929] DEBUG -- : request-header: user-agent => Mozilla/5.0 (Macintosh; Intel Mac OS X 10_11_2) AppleWebKit/601.3.9 (KHTML, like Gecko) Version/9.0.2 Safari/601.3.9
D, [2018-08-24T10:03:36.007923 #69929] DEBUG -- : request-header: accept-charset => ISO-8859-1,utf-8;q=0.7,*;q=0.7
D, [2018-08-24T10:03:36.007943 #69929] DEBUG -- : request-header: accept-language => en-us,en;q=0.5
D, [2018-08-24T10:03:36.007964 #69929] DEBUG -- : request-header: cookie => BIGipServercars_docker_rendering_prd=4215411884.14597.0000; BIGipServercars_dockerapp_swarm_prd=2369918124.20480.0000; TS01952cdc=01fce1e7c4b251bc2b2e1ea448e6166ce7c47fe27023aff93e25076a4ccbf2a18deb7472f3e1f3cecbb3c05c3baa4eec8d4dcecd7e25b47aec3027127d8e395c6a43da08355f8bb077eabbf5eca1182c270fb94430ac2aa5619a5010616369e2132528097bdaf74cc152149df7f607f1d4e6a9fbd424785ddc67ca63cb3181b2248012ed32; TS01bf77fc=01fce1e7c487c4d3337a34bfe70e41ab5003a12b3123aff93e25076a4ccbf2a18deb7472f3e1f3cecbb3c05c3baa4eec8d4dcecd7e166bd42fb15f7be4efc070f517419a11d2f711adb2549af3d00589c7c7f876e92b9d9e159afc6d577f05f4aab83a6c74; affiliate=national; ak_bmsc=0A07131D59AD845A8B3E7F6F06EF9B5CD0B976BB174A00003010805B215EB041~plxx8rpxoRRG/aK+ye/Fjgz6AvGU66DBFNyl1iQl8wCJ/Eaf6Zq2l2v/+XRpVjoNESs2IOQkYfs97iK+aojgn+5SVuxYUuUbPzC1s/yhFzQ8Iw22orMyPpchOM5TREoI6vq6cQFRwhEm6Oug9jnt7/G6lAPc3nZE3EaV3MdMMKEFkPSipSDQflctw/LCMDX+GUp5DSTg7Y1eXLmv3Vul/lP5Irmv8wMH/E4Uwri/UhC9s=; akaas_research_abtest=1535205808~rv=53~id=b5f8c092567534b61c4c54ccf569f8a6~rn=flyio-exp01; bm_mi=FAB02FFBD3513184BDA31AFF112366FE~2N3zoVr9+GImI62enKFmQsgiDkjyHTAasUFCVivJ2GHZNTxMy0e+b74DX2FRZrwj6ggkMfgNBBvZhjUucZNWpZMHQ2RrkajyJ0dJ5oHKOWUZXUw29AsaR5ptySLpwR4x7ZflksYzTpKZJcfByYBbyDz2K5W+22c5MCC882fB79vsIX7jIjMRKiq+Wt+cgZcyXc6cAO807+cfbgu8OzO9SmoCQookx1PYi2WHrkRD839+hMd5wjouV4NyFOITVChzCJ/nwro5WQlWd9XZYai26w==; bm_sv=727D4F31FE8B4794318339581C34AEE0~ua9xYuIFYkzceatf4SWIH3ttvtX9JfpqhLslgQfrjHhgK11ZgA7QAhys5cW76vXJvieXQpnTVSUTeSeZ2zPYJmPWu3E2Tpo16DwnvU9muoIxPI/C3K/NhTtA9cRJUJRXuJu8zzsdslr1rxUehNJW1w==; rollout=59; zipcode=60606
D, [2018-08-24T10:03:36.007985 #69929] DEBUG -- : request-header: host => www.cars.com
I, [2018-08-24T10:03:36.131087 #69929]  INFO -- : status: Net::HTTPOK 1.1 200 OK
D, [2018-08-24T10:03:36.131206 #69929] DEBUG -- : response-header: content-encoding => gzip
D, [2018-08-24T10:03:36.131242 #69929] DEBUG -- : response-header: content-type => text/html; charset=utf-8
D, [2018-08-24T10:03:36.131272 #69929] DEBUG -- : response-header: etag => 1f87038aa61079d84c13eac32efea4e8fbc617a6
D, [2018-08-24T10:03:36.131300 #69929] DEBUG -- : response-header: fly-age => 39573
D, [2018-08-24T10:03:36.131326 #69929] DEBUG -- : response-header: fly-cache => HIT+REFRESH (300s)
D, [2018-08-24T10:03:36.131352 #69929] DEBUG -- : response-header: fly-request-id => bIYWad52LMnkgz72o5fFRtoaGg
D, [2018-08-24T10:03:36.131379 #69929] DEBUG -- : response-header: server => Fly.io/0.1.1
D, [2018-08-24T10:03:36.131405 #69929] DEBUG -- : response-header: vary => Accept-Encoding
D, [2018-08-24T10:03:36.131430 #69929] DEBUG -- : response-header: x-akamai-transformed => 9 - 0 pmb=mTOE,2
D, [2018-08-24T10:03:36.131484 #69929] DEBUG -- : response-header: cache-control => max-age=46856
D, [2018-08-24T10:03:36.131512 #69929] DEBUG -- : response-header: expires => Sat, 25 Aug 2018 03:04:32 GMT
D, [2018-08-24T10:03:36.131547 #69929] DEBUG -- : response-header: date => Fri, 24 Aug 2018 14:03:36 GMT
D, [2018-08-24T10:03:36.131571 #69929] DEBUG -- : response-header: transfer-encoding => chunked
D, [2018-08-24T10:03:36.131596 #69929] DEBUG -- : response-header: connection => keep-alive, Transfer-Encoding
D, [2018-08-24T10:03:36.131622 #69929] DEBUG -- : response-header: set-cookie => affiliate=national; Secure; SameSite=Strict; Domain=.www.cars.com; Path=/, BIGipServercars_dockerapp_swarm_prd=2403472556.20480.0000; path=/, TS01952cdc=01fce1e7c4cd90edc0d0d096156aa85726c748a89c7575734d3d99a5deab21a9751863a28ae603b026ab32cc5fc4a8f2d037ed91ab; Path=/, TS01bf77fc=01fce1e7c4cd57729ed39718ec7156c6161820bb17a9cbd196da3c2a52fdf15b8b24ed4befb618792321757282ca1a00bb3e8d64fc; path=/; domain=.www.cars.com, BIGipServercars_docker_rendering_prd=4215411884.17925.0000; path=/, TS01952cdc=01fce1e7c404caa613f57b1377039c01eefde019eeb3719c367eff316e3b5f7dcf2e1114c89f4f0258b5f60ab6790d86a5cbea3c4466829fec837d32332fcb8ccd45d8159004e01929282588fcdb40cf61e19af6b2026e6d4bb6f6c85a7d6ee2c27c56beaa0e8ffaf27ae33880410ca3a97dadfb8c6dea8076dd06d7385ee999062c358009c0271b41c1f97cfcff9d05d15f856a940a2e0cea93ee0a3ed5fe9c17f05ddccf; Path=/, TS01bf77fc=01fce1e7c4d6400006e1bc290954cb63a17dbb6d06238c77ce63950e860678841c7ee4c87177fb1850765d14d0114e32f97dec066093cadd58d4941f9df01018fe09c6ae4b1dbcb2e2696e958a9cc0299b6cb4519e5dfee707205b971d68418581d25db8f6fa56e8be53dd0fffd28fcbe6f04ae433; path=/; domain=.www.cars.com, bm_sv=727D4F31FE8B4794318339581C34AEE0~ua9xYuIFYkzceatf4SWIH3ttvtX9JfpqhLslgQfrjHhgK11ZgA7QAhys5cW76vXJvieXQpnTVSUTeSeZ2zPYJmPWu3E2Tpo16DwnvU9muoJqD4KXMeUcVi3auFMPvRrV813Tl3N5I7/P8L5F62vyTA==; Domain=.cars.com; Path=/; Max-Age=7192; HttpOnly
D, [2018-08-24T10:03:36.131685 #69929] DEBUG -- : response-header: content-language => en-US
D, [2018-08-24T10:03:36.131769 #69929] DEBUG -- : Read 14470 bytes (14470 total)
D, [2018-08-24T10:03:36.132519 #69929] DEBUG -- : Read 10106 bytes (24576 total)
D, [2018-08-24T10:03:36.134838 #69929] DEBUG -- : Read 16127 bytes (40703 total)
D, [2018-08-24T10:03:36.136584 #69929] DEBUG -- : Read 14591 bytes (55294 total)
D, [2018-08-24T10:03:36.139070 #69929] DEBUG -- : Read 16374 bytes (71668 total)
D, [2018-08-24T10:03:36.139268 #69929] DEBUG -- : Read 10 bytes (71678 total)
D, [2018-08-24T10:03:36.139759 #69929] DEBUG -- : Read 2155 bytes (73833 total)
D, [2018-08-24T10:03:36.139941 #69929] DEBUG -- : gzip response
D, [2018-08-24T10:03:36.154429 #69929] DEBUG -- : saved cookie: affiliate=national
D, [2018-08-24T10:03:36.154504 #69929] DEBUG -- : saved cookie: BIGipServercars_dockerapp_swarm_prd=2403472556.20480.0000
D, [2018-08-24T10:03:36.154541 #69929] DEBUG -- : saved cookie: TS01952cdc=01fce1e7c4cd90edc0d0d096156aa85726c748a89c7575734d3d99a5deab21a9751863a28ae603b026ab32cc5fc4a8f2d037ed91ab
D, [2018-08-24T10:03:36.154575 #69929] DEBUG -- : saved cookie: TS01bf77fc=01fce1e7c4cd57729ed39718ec7156c6161820bb17a9cbd196da3c2a52fdf15b8b24ed4befb618792321757282ca1a00bb3e8d64fc
D, [2018-08-24T10:03:36.154607 #69929] DEBUG -- : saved cookie: BIGipServercars_docker_rendering_prd=4215411884.17925.0000
D, [2018-08-24T10:03:36.154638 #69929] DEBUG -- : saved cookie: TS01952cdc=01fce1e7c404caa613f57b1377039c01eefde019eeb3719c367eff316e3b5f7dcf2e1114c89f4f0258b5f60ab6790d86a5cbea3c4466829fec837d32332fcb8ccd45d8159004e01929282588fcdb40cf61e19af6b2026e6d4bb6f6c85a7d6ee2c27c56beaa0e8ffaf27ae33880410ca3a97dadfb8c6dea8076dd06d7385ee999062c358009c0271b41c1f97cfcff9d05d15f856a940a2e0cea93ee0a3ed5fe9c17f05ddccf
D, [2018-08-24T10:03:36.154669 #69929] DEBUG -- : saved cookie: TS01bf77fc=01fce1e7c4d6400006e1bc290954cb63a17dbb6d06238c77ce63950e860678841c7ee4c87177fb1850765d14d0114e32f97dec066093cadd58d4941f9df01018fe09c6ae4b1dbcb2e2696e958a9cc0299b6cb4519e5dfee707205b971d68418581d25db8f6fa56e8be53dd0fffd28fcbe6f04ae433
D, [2018-08-24T10:03:36.154805 #69929] DEBUG -- : saved cookie: bm_sv=727D4F31FE8B4794318339581C34AEE0~ua9xYuIFYkzceatf4SWIH3ttvtX9JfpqhLslgQfrjHhgK11ZgA7QAhys5cW76vXJvieXQpnTVSUTeSeZ2zPYJmPWu3E2Tpo16DwnvU9muoJqD4KXMeUcVi3auFMPvRrV813Tl3N5I7/P8L5F62vyTA==
I, [2018-08-24T10:03:37.825257 #69929]  INFO -- : Net::HTTP::Get: /research/honda-pilot-2019/specs/usc90hos032c0/
D, [2018-08-24T10:03:37.825327 #69929] DEBUG -- : request-header: accept-encoding => gzip,deflate,identity
D, [2018-08-24T10:03:37.825354 #69929] DEBUG -- : request-header: accept => */*
D, [2018-08-24T10:03:37.825375 #69929] DEBUG -- : request-header: user-agent => Mozilla/5.0 (Macintosh; Intel Mac OS X 10_11_2) AppleWebKit/601.3.9 (KHTML, like Gecko) Version/9.0.2 Safari/601.3.9
D, [2018-08-24T10:03:37.825397 #69929] DEBUG -- : request-header: accept-charset => ISO-8859-1,utf-8;q=0.7,*;q=0.7
D, [2018-08-24T10:03:37.825416 #69929] DEBUG -- : request-header: accept-language => en-us,en;q=0.5
D, [2018-08-24T10:03:37.825465 #69929] DEBUG -- : request-header: cookie => BIGipServercars_docker_rendering_prd=4215411884.17925.0000; BIGipServercars_dockerapp_swarm_prd=2403472556.20480.0000; TS01952cdc=01fce1e7c404caa613f57b1377039c01eefde019eeb3719c367eff316e3b5f7dcf2e1114c89f4f0258b5f60ab6790d86a5cbea3c4466829fec837d32332fcb8ccd45d8159004e01929282588fcdb40cf61e19af6b2026e6d4bb6f6c85a7d6ee2c27c56beaa0e8ffaf27ae33880410ca3a97dadfb8c6dea8076dd06d7385ee999062c358009c0271b41c1f97cfcff9d05d15f856a940a2e0cea93ee0a3ed5fe9c17f05ddccf; TS01bf77fc=01fce1e7c4d6400006e1bc290954cb63a17dbb6d06238c77ce63950e860678841c7ee4c87177fb1850765d14d0114e32f97dec066093cadd58d4941f9df01018fe09c6ae4b1dbcb2e2696e958a9cc0299b6cb4519e5dfee707205b971d68418581d25db8f6fa56e8be53dd0fffd28fcbe6f04ae433; affiliate=national; ak_bmsc=0A07131D59AD845A8B3E7F6F06EF9B5CD0B976BB174A00003010805B215EB041~plxx8rpxoRRG/aK+ye/Fjgz6AvGU66DBFNyl1iQl8wCJ/Eaf6Zq2l2v/+XRpVjoNESs2IOQkYfs97iK+aojgn+5SVuxYUuUbPzC1s/yhFzQ8Iw22orMyPpchOM5TREoI6vq6cQFRwhEm6Oug9jnt7/G6lAPc3nZE3EaV3MdMMKEFkPSipSDQflctw/LCMDX+GUp5DSTg7Y1eXLmv3Vul/lP5Irmv8wMH/E4Uwri/UhC9s=; akaas_research_abtest=1535205808~rv=53~id=b5f8c092567534b61c4c54ccf569f8a6~rn=flyio-exp01; bm_mi=FAB02FFBD3513184BDA31AFF112366FE~2N3zoVr9+GImI62enKFmQsgiDkjyHTAasUFCVivJ2GHZNTxMy0e+b74DX2FRZrwj6ggkMfgNBBvZhjUucZNWpZMHQ2RrkajyJ0dJ5oHKOWUZXUw29AsaR5ptySLpwR4x7ZflksYzTpKZJcfByYBbyDz2K5W+22c5MCC882fB79vsIX7jIjMRKiq+Wt+cgZcyXc6cAO807+cfbgu8OzO9SmoCQookx1PYi2WHrkRD839+hMd5wjouV4NyFOITVChzCJ/nwro5WQlWd9XZYai26w==; bm_sv=727D4F31FE8B4794318339581C34AEE0~ua9xYuIFYkzceatf4SWIH3ttvtX9JfpqhLslgQfrjHhgK11ZgA7QAhys5cW76vXJvieXQpnTVSUTeSeZ2zPYJmPWu3E2Tpo16DwnvU9muoJqD4KXMeUcVi3auFMPvRrV813Tl3N5I7/P8L5F62vyTA==; rollout=59; zipcode=60606
D, [2018-08-24T10:03:37.825487 #69929] DEBUG -- : request-header: host => www.cars.com
I, [2018-08-24T10:03:37.957910 #69929]  INFO -- : status: Net::HTTPOK 1.1 200 OK
D, [2018-08-24T10:03:37.958122 #69929] DEBUG -- : response-header: content-encoding => gzip
D, [2018-08-24T10:03:37.958208 #69929] DEBUG -- : response-header: content-type => text/html; charset=utf-8
D, [2018-08-24T10:03:37.958256 #69929] DEBUG -- : response-header: etag => ae3c2717accf487a2158c721a270c792bfdb6d1e
D, [2018-08-24T10:03:37.958297 #69929] DEBUG -- : response-header: fly-age => 54856
D, [2018-08-24T10:03:37.958336 #69929] DEBUG -- : response-header: fly-cache => HIT+REFRESH (300s)
D, [2018-08-24T10:03:37.958373 #69929] DEBUG -- : response-header: fly-request-id => bIYWadfZ6x91JaR5SseHRHB8fM
D, [2018-08-24T10:03:37.958411 #69929] DEBUG -- : response-header: server => Fly.io/0.1.1
D, [2018-08-24T10:03:37.958447 #69929] DEBUG -- : response-header: vary => Accept-Encoding
D, [2018-08-24T10:03:37.958485 #69929] DEBUG -- : response-header: x-akamai-transformed => 9 - 0 pmb=mTOE,2
D, [2018-08-24T10:03:37.958521 #69929] DEBUG -- : response-header: cache-control => max-age=31543
D, [2018-08-24T10:03:37.958593 #69929] DEBUG -- : response-header: expires => Fri, 24 Aug 2018 22:49:20 GMT
D, [2018-08-24T10:03:37.958630 #69929] DEBUG -- : response-header: date => Fri, 24 Aug 2018 14:03:37 GMT
D, [2018-08-24T10:03:37.958709 #69929] DEBUG -- : response-header: transfer-encoding => chunked
D, [2018-08-24T10:03:37.958750 #69929] DEBUG -- : response-header: connection => keep-alive, Transfer-Encoding
D, [2018-08-24T10:03:37.958789 #69929] DEBUG -- : response-header: set-cookie => zipcode=92154; Secure; HttpOnly; SameSite=Strict; Path=/, BIGipServercars_dockerapp_swarm_prd=2420249772.20480.0000; path=/, TS01952cdc=01fce1e7c4414a5aa6acef01f7c43b96c37b128c4a753ee2473b1fd49b930ce38f9280c3096acee12471e41be702b3e63579c6f8b604a19d0c3b8557f9438a019cc1313ad9; Path=/, BIGipServercars_docker_rendering_prd=4248966316.16389.0000; path=/, TS01952cdc=01fce1e7c45a32f06cf6c25005fa88814066d2639e708498cfae2abb582a5678aa3096920bd33f909ac9282ddeb8355bfb5592b79df4dd011a33011c3cf16a1a7bd3b3d73d7d940d1166e977d87c9053ec358920bfc296b30b4510c26c34f12243fcc7e6c5f12cfd8aca086cfa3075e1be4ddeb56d332fe4f9951598e948124e195c0e73312144ec6a9022ec21b5712a35490ab548e3d270e55967809c5d802f52bb32aee3119de56b3fae5a3c64eaeae32b9505d219f7b4bc597944ad7660c8bb19c19c8e; Path=/, bm_sv=727D4F31FE8B4794318339581C34AEE0~ua9xYuIFYkzceatf4SWIH3ttvtX9JfpqhLslgQfrjHhgK11ZgA7QAhys5cW76vXJvieXQpnTVSUTeSeZ2zPYJmPWu3E2Tpo16DwnvU9muoIEXghpxHsV3MT6clzYG/8reEHsvhSqf4oTaJbcvQ8wcg==; Domain=.cars.com; Path=/; Max-Age=7191; HttpOnly
D, [2018-08-24T10:03:37.958829 #69929] DEBUG -- : response-header: content-language => en-US
D, [2018-08-24T10:03:37.958941 #69929] DEBUG -- : Read 14817 bytes (14817 total)
D, [2018-08-24T10:03:37.959101 #69929] DEBUG -- : Read 9759 bytes (24576 total)
D, [2018-08-24T10:03:37.961385 #69929] DEBUG -- : Read 16127 bytes (40703 total)
D, [2018-08-24T10:03:37.963095 #69929] DEBUG -- : Read 14591 bytes (55294 total)
D, [2018-08-24T10:03:37.965480 #69929] DEBUG -- : Read 16374 bytes (71668 total)
D, [2018-08-24T10:03:37.965633 #69929] DEBUG -- : Read 10 bytes (71678 total)
D, [2018-08-24T10:03:37.966056 #69929] DEBUG -- : Read 2640 bytes (74318 total)
D, [2018-08-24T10:03:37.966307 #69929] DEBUG -- : gzip response
D, [2018-08-24T10:03:37.986644 #69929] DEBUG -- : saved cookie: zipcode=92154
D, [2018-08-24T10:03:37.986723 #69929] DEBUG -- : saved cookie: BIGipServercars_dockerapp_swarm_prd=2420249772.20480.0000
D, [2018-08-24T10:03:37.986760 #69929] DEBUG -- : saved cookie: TS01952cdc=01fce1e7c4414a5aa6acef01f7c43b96c37b128c4a753ee2473b1fd49b930ce38f9280c3096acee12471e41be702b3e63579c6f8b604a19d0c3b8557f9438a019cc1313ad9
D, [2018-08-24T10:03:37.986805 #69929] DEBUG -- : saved cookie: BIGipServercars_docker_rendering_prd=4248966316.16389.0000
D, [2018-08-24T10:03:37.986838 #69929] DEBUG -- : saved cookie: TS01952cdc=01fce1e7c45a32f06cf6c25005fa88814066d2639e708498cfae2abb582a5678aa3096920bd33f909ac9282ddeb8355bfb5592b79df4dd011a33011c3cf16a1a7bd3b3d73d7d940d1166e977d87c9053ec358920bfc296b30b4510c26c34f12243fcc7e6c5f12cfd8aca086cfa3075e1be4ddeb56d332fe4f9951598e948124e195c0e73312144ec6a9022ec21b5712a35490ab548e3d270e55967809c5d802f52bb32aee3119de56b3fae5a3c64eaeae32b9505d219f7b4bc597944ad7660c8bb19c19c8e
D, [2018-08-24T10:03:37.986950 #69929] DEBUG -- : saved cookie: bm_sv=727D4F31FE8B4794318339581C34AEE0~ua9xYuIFYkzceatf4SWIH3ttvtX9JfpqhLslgQfrjHhgK11ZgA7QAhys5cW76vXJvieXQpnTVSUTeSeZ2zPYJmPWu3E2Tpo16DwnvU9muoIEXghpxHsV3MT6clzYG/8reEHsvhSqf4oTaJbcvQ8wcg==
I, [2018-08-24T10:03:39.847146 #69929]  INFO -- : Net::HTTP::Get: /research/honda-pilot-2019/specs/usc90hos031c0/
D, [2018-08-24T10:03:39.847202 #69929] DEBUG -- : request-header: accept-encoding => gzip,deflate,identity
D, [2018-08-24T10:03:39.847226 #69929] DEBUG -- : request-header: accept => */*
D, [2018-08-24T10:03:39.847247 #69929] DEBUG -- : request-header: user-agent => Mozilla/5.0 (Macintosh; Intel Mac OS X 10_11_2) AppleWebKit/601.3.9 (KHTML, like Gecko) Version/9.0.2 Safari/601.3.9
D, [2018-08-24T10:03:39.847267 #69929] DEBUG -- : request-header: accept-charset => ISO-8859-1,utf-8;q=0.7,*;q=0.7
D, [2018-08-24T10:03:39.847286 #69929] DEBUG -- : request-header: accept-language => en-us,en;q=0.5
D, [2018-08-24T10:03:39.847305 #69929] DEBUG -- : request-header: cookie => BIGipServercars_docker_rendering_prd=4248966316.16389.0000; BIGipServercars_dockerapp_swarm_prd=2420249772.20480.0000; TS01952cdc=01fce1e7c45a32f06cf6c25005fa88814066d2639e708498cfae2abb582a5678aa3096920bd33f909ac9282ddeb8355bfb5592b79df4dd011a33011c3cf16a1a7bd3b3d73d7d940d1166e977d87c9053ec358920bfc296b30b4510c26c34f12243fcc7e6c5f12cfd8aca086cfa3075e1be4ddeb56d332fe4f9951598e948124e195c0e73312144ec6a9022ec21b5712a35490ab548e3d270e55967809c5d802f52bb32aee3119de56b3fae5a3c64eaeae32b9505d219f7b4bc597944ad7660c8bb19c19c8e; TS01bf77fc=01fce1e7c4d6400006e1bc290954cb63a17dbb6d06238c77ce63950e860678841c7ee4c87177fb1850765d14d0114e32f97dec066093cadd58d4941f9df01018fe09c6ae4b1dbcb2e2696e958a9cc0299b6cb4519e5dfee707205b971d68418581d25db8f6fa56e8be53dd0fffd28fcbe6f04ae433; affiliate=national; ak_bmsc=0A07131D59AD845A8B3E7F6F06EF9B5CD0B976BB174A00003010805B215EB041~plxx8rpxoRRG/aK+ye/Fjgz6AvGU66DBFNyl1iQl8wCJ/Eaf6Zq2l2v/+XRpVjoNESs2IOQkYfs97iK+aojgn+5SVuxYUuUbPzC1s/yhFzQ8Iw22orMyPpchOM5TREoI6vq6cQFRwhEm6Oug9jnt7/G6lAPc3nZE3EaV3MdMMKEFkPSipSDQflctw/LCMDX+GUp5DSTg7Y1eXLmv3Vul/lP5Irmv8wMH/E4Uwri/UhC9s=; akaas_research_abtest=1535205808~rv=53~id=b5f8c092567534b61c4c54ccf569f8a6~rn=flyio-exp01; bm_mi=FAB02FFBD3513184BDA31AFF112366FE~2N3zoVr9+GImI62enKFmQsgiDkjyHTAasUFCVivJ2GHZNTxMy0e+b74DX2FRZrwj6ggkMfgNBBvZhjUucZNWpZMHQ2RrkajyJ0dJ5oHKOWUZXUw29AsaR5ptySLpwR4x7ZflksYzTpKZJcfByYBbyDz2K5W+22c5MCC882fB79vsIX7jIjMRKiq+Wt+cgZcyXc6cAO807+cfbgu8OzO9SmoCQookx1PYi2WHrkRD839+hMd5wjouV4NyFOITVChzCJ/nwro5WQlWd9XZYai26w==; bm_sv=727D4F31FE8B4794318339581C34AEE0~ua9xYuIFYkzceatf4SWIH3ttvtX9JfpqhLslgQfrjHhgK11ZgA7QAhys5cW76vXJvieXQpnTVSUTeSeZ2zPYJmPWu3E2Tpo16DwnvU9muoIEXghpxHsV3MT6clzYG/8reEHsvhSqf4oTaJbcvQ8wcg==; rollout=59; zipcode=92154
D, [2018-08-24T10:03:39.847346 #69929] DEBUG -- : request-header: host => www.cars.com
I, [2018-08-24T10:03:39.950009 #69929]  INFO -- : status: Net::HTTPOK 1.1 200 OK
D, [2018-08-24T10:03:39.950137 #69929] DEBUG -- : response-header: content-encoding => gzip
D, [2018-08-24T10:03:39.950188 #69929] DEBUG -- : response-header: content-type => text/html; charset=utf-8
D, [2018-08-24T10:03:39.950230 #69929] DEBUG -- : response-header: etag => 3a0d46d772318271937853bb53d17679bbf1605f
D, [2018-08-24T10:03:39.950269 #69929] DEBUG -- : response-header: fly-age => 9517
D, [2018-08-24T10:03:39.950307 #69929] DEBUG -- : response-header: fly-cache => HIT+REFRESH (300s)
D, [2018-08-24T10:03:39.950344 #69929] DEBUG -- : response-header: fly-request-id => bIYWaduH8QWTykNtgdXtSTLgMZ
D, [2018-08-24T10:03:39.950382 #69929] DEBUG -- : response-header: server => Fly.io/0.1.1
D, [2018-08-24T10:03:39.950419 #69929] DEBUG -- : response-header: vary => Accept-Encoding
D, [2018-08-24T10:03:39.950457 #69929] DEBUG -- : response-header: x-akamai-transformed => 9 - 0 pmb=mTOE,2
D, [2018-08-24T10:03:39.950494 #69929] DEBUG -- : response-header: cache-control => max-age=76900
D, [2018-08-24T10:03:39.950531 #69929] DEBUG -- : response-header: expires => Sat, 25 Aug 2018 11:25:19 GMT
D, [2018-08-24T10:03:39.950568 #69929] DEBUG -- : response-header: date => Fri, 24 Aug 2018 14:03:39 GMT
D, [2018-08-24T10:03:39.950605 #69929] DEBUG -- : response-header: transfer-encoding => chunked
D, [2018-08-24T10:03:39.950642 #69929] DEBUG -- : response-header: connection => keep-alive, Transfer-Encoding
D, [2018-08-24T10:03:39.950680 #69929] DEBUG -- : response-header: set-cookie => BIGipServercars_docker_rendering_prd=4248966316.16901.0000; path=/, TS01952cdc=01fce1e7c488fa799b014ff4f408d99d52574ed82904044f5c01e5a869471665b75c9ee75a2c4c3466fe767b947c91a10a036356c1cd1604582e985707db56121e4fb8ffbec30dbe022dee75371a11732ec41679847c81c22d5742ca539cff22c53cdfdab5; Path=/, bm_sv=727D4F31FE8B4794318339581C34AEE0~ua9xYuIFYkzceatf4SWIH3ttvtX9JfpqhLslgQfrjHhgK11ZgA7QAhys5cW76vXJvieXQpnTVSUTeSeZ2zPYJmPWu3E2Tpo16DwnvU9muoLNSnDa4IDtSMliVnbdDd6KpOCiVo0lQ2JtlZ1kVEmKrQ==; Domain=.cars.com; Path=/; Max-Age=7189; HttpOnly
D, [2018-08-24T10:03:39.950720 #69929] DEBUG -- : response-header: content-language => en-US
D, [2018-08-24T10:03:39.950829 #69929] DEBUG -- : Read 15294 bytes (15294 total)
D, [2018-08-24T10:03:39.951051 #69929] DEBUG -- : Read 9282 bytes (24576 total)
D, [2018-08-24T10:03:39.952559 #69929] DEBUG -- : Read 16127 bytes (40703 total)
D, [2018-08-24T10:03:39.954680 #69929] DEBUG -- : Read 14591 bytes (55294 total)
D, [2018-08-24T10:03:39.956854 #69929] DEBUG -- : Read 16374 bytes (71668 total)
D, [2018-08-24T10:03:39.957000 #69929] DEBUG -- : Read 10 bytes (71678 total)
D, [2018-08-24T10:03:39.957126 #69929] DEBUG -- : Read 2653 bytes (74331 total)
D, [2018-08-24T10:03:39.957316 #69929] DEBUG -- : gzip response
D, [2018-08-24T10:03:39.973458 #69929] DEBUG -- : saved cookie: BIGipServercars_docker_rendering_prd=4248966316.16901.0000
D, [2018-08-24T10:03:39.973569 #69929] DEBUG -- : saved cookie: TS01952cdc=01fce1e7c488fa799b014ff4f408d99d52574ed82904044f5c01e5a869471665b75c9ee75a2c4c3466fe767b947c91a10a036356c1cd1604582e985707db56121e4fb8ffbec30dbe022dee75371a11732ec41679847c81c22d5742ca539cff22c53cdfdab5
D, [2018-08-24T10:03:39.973671 #69929] DEBUG -- : saved cookie: bm_sv=727D4F31FE8B4794318339581C34AEE0~ua9xYuIFYkzceatf4SWIH3ttvtX9JfpqhLslgQfrjHhgK11ZgA7QAhys5cW76vXJvieXQpnTVSUTeSeZ2zPYJmPWu3E2Tpo16DwnvU9muoLNSnDa4IDtSMliVnbdDd6KpOCiVo0lQ2JtlZ1kVEmKrQ==
I, [2018-08-24T10:03:41.834069 #69929]  INFO -- : Net::HTTP::Get: /research/honda-pilot-2019/specs/usc90hos032d0/
D, [2018-08-24T10:03:41.834120 #69929] DEBUG -- : request-header: accept-encoding => gzip,deflate,identity
D, [2018-08-24T10:03:41.834146 #69929] DEBUG -- : request-header: accept => */*
D, [2018-08-24T10:03:41.834167 #69929] DEBUG -- : request-header: user-agent => Mozilla/5.0 (Macintosh; Intel Mac OS X 10_11_2) AppleWebKit/601.3.9 (KHTML, like Gecko) Version/9.0.2 Safari/601.3.9
D, [2018-08-24T10:03:41.834187 #69929] DEBUG -- : request-header: accept-charset => ISO-8859-1,utf-8;q=0.7,*;q=0.7
D, [2018-08-24T10:03:41.834205 #69929] DEBUG -- : request-header: accept-language => en-us,en;q=0.5
D, [2018-08-24T10:03:41.834223 #69929] DEBUG -- : request-header: cookie => BIGipServercars_docker_rendering_prd=4248966316.16901.0000; BIGipServercars_dockerapp_swarm_prd=2420249772.20480.0000; TS01952cdc=01fce1e7c488fa799b014ff4f408d99d52574ed82904044f5c01e5a869471665b75c9ee75a2c4c3466fe767b947c91a10a036356c1cd1604582e985707db56121e4fb8ffbec30dbe022dee75371a11732ec41679847c81c22d5742ca539cff22c53cdfdab5; TS01bf77fc=01fce1e7c4d6400006e1bc290954cb63a17dbb6d06238c77ce63950e860678841c7ee4c87177fb1850765d14d0114e32f97dec066093cadd58d4941f9df01018fe09c6ae4b1dbcb2e2696e958a9cc0299b6cb4519e5dfee707205b971d68418581d25db8f6fa56e8be53dd0fffd28fcbe6f04ae433; affiliate=national; ak_bmsc=0A07131D59AD845A8B3E7F6F06EF9B5CD0B976BB174A00003010805B215EB041~plxx8rpxoRRG/aK+ye/Fjgz6AvGU66DBFNyl1iQl8wCJ/Eaf6Zq2l2v/+XRpVjoNESs2IOQkYfs97iK+aojgn+5SVuxYUuUbPzC1s/yhFzQ8Iw22orMyPpchOM5TREoI6vq6cQFRwhEm6Oug9jnt7/G6lAPc3nZE3EaV3MdMMKEFkPSipSDQflctw/LCMDX+GUp5DSTg7Y1eXLmv3Vul/lP5Irmv8wMH/E4Uwri/UhC9s=; akaas_research_abtest=1535205808~rv=53~id=b5f8c092567534b61c4c54ccf569f8a6~rn=flyio-exp01; bm_mi=FAB02FFBD3513184BDA31AFF112366FE~2N3zoVr9+GImI62enKFmQsgiDkjyHTAasUFCVivJ2GHZNTxMy0e+b74DX2FRZrwj6ggkMfgNBBvZhjUucZNWpZMHQ2RrkajyJ0dJ5oHKOWUZXUw29AsaR5ptySLpwR4x7ZflksYzTpKZJcfByYBbyDz2K5W+22c5MCC882fB79vsIX7jIjMRKiq+Wt+cgZcyXc6cAO807+cfbgu8OzO9SmoCQookx1PYi2WHrkRD839+hMd5wjouV4NyFOITVChzCJ/nwro5WQlWd9XZYai26w==; bm_sv=727D4F31FE8B4794318339581C34AEE0~ua9xYuIFYkzceatf4SWIH3ttvtX9JfpqhLslgQfrjHhgK11ZgA7QAhys5cW76vXJvieXQpnTVSUTeSeZ2zPYJmPWu3E2Tpo16DwnvU9muoLNSnDa4IDtSMliVnbdDd6KpOCiVo0lQ2JtlZ1kVEmKrQ==; rollout=59; zipcode=92154
D, [2018-08-24T10:03:41.834243 #69929] DEBUG -- : request-header: host => www.cars.com
I, [2018-08-24T10:03:41.964028 #69929]  INFO -- : status: Net::HTTPOK 1.1 200 OK
D, [2018-08-24T10:03:41.964122 #69929] DEBUG -- : response-header: content-encoding => gzip
D, [2018-08-24T10:03:41.964157 #69929] DEBUG -- : response-header: content-type => text/html; charset=utf-8
D, [2018-08-24T10:03:41.964186 #69929] DEBUG -- : response-header: etag => bd750953fb47ba0c305bbeff21a1cec8796b64cc
D, [2018-08-24T10:03:41.964213 #69929] DEBUG -- : response-header: fly-age => 63332
D, [2018-08-24T10:03:41.964269 #69929] DEBUG -- : response-header: fly-cache => HIT+REFRESH (300s)
D, [2018-08-24T10:03:41.964298 #69929] DEBUG -- : response-header: fly-request-id => bIYWaer83HVlDPXSmHCdcS13Td
D, [2018-08-24T10:03:41.964324 #69929] DEBUG -- : response-header: server => Fly.io/0.1.1
D, [2018-08-24T10:03:41.964349 #69929] DEBUG -- : response-header: vary => Accept-Encoding
D, [2018-08-24T10:03:41.964374 #69929] DEBUG -- : response-header: x-akamai-transformed => 9 - 0 pmb=mTOE,2
D, [2018-08-24T10:03:41.964399 #69929] DEBUG -- : response-header: cache-control => max-age=23091
D, [2018-08-24T10:03:41.964425 #69929] DEBUG -- : response-header: expires => Fri, 24 Aug 2018 20:28:32 GMT
D, [2018-08-24T10:03:41.964450 #69929] DEBUG -- : response-header: date => Fri, 24 Aug 2018 14:03:41 GMT
D, [2018-08-24T10:03:41.964482 #69929] DEBUG -- : response-header: transfer-encoding => chunked
D, [2018-08-24T10:03:41.964508 #69929] DEBUG -- : response-header: connection => keep-alive, Transfer-Encoding
D, [2018-08-24T10:03:41.964535 #69929] DEBUG -- : response-header: set-cookie => affiliate=national; Secure; SameSite=Strict; Domain=.www.cars.com; Path=/, BIGipServercars_dockerapp_swarm_prd=2369918124.20480.0000; path=/, TS01952cdc=01fce1e7c4597b21727579e26bde3f859dbf55a728e24d5c59164a3c7c1804ac9aa7da7f45742817d0e4b7d3bac5942e9bdfba91a7; Path=/, TS01bf77fc=01fce1e7c490db845057f0f83d2c2ee96c170a6698f66d9374d2e971f11fc5f76388ead77b4a1e716f3fbb6d2addef7105d80b148e; path=/; domain=.www.cars.com, BIGipServercars_docker_rendering_prd=4232189100.16133.0000; path=/, rollout=37;expires=Tue, 22-Aug-2023 20:28:09 GMT;path=/;, TS01952cdc=01fce1e7c43ad653afb4f569fdbf64d346cc6b2a72b5d6b7df8a5ef1b135b2b7fb20c0ffef6a91f8fc661867387eb8f32050b5411e765f442445971bf0748c52a5a1c574bd6c8a9387ebae4b604441f0ee92c33afd955b4be8a22146046dbb9d82a7e7ea79; Path=/, TS01bf77fc=01fce1e7c4aaaa12034a21d8b5b7de3498253686986d8f895eb4ab595616d1ed3032cef17b0eb34a8f8b6c2bcdd7b2d9979c349bfbabb8febd7b3d330b99a7855e3ed913f2; path=/; domain=.www.cars.com, bm_sv=727D4F31FE8B4794318339581C34AEE0~ua9xYuIFYkzceatf4SWIH3ttvtX9JfpqhLslgQfrjHhgK11ZgA7QAhys5cW76vXJvieXQpnTVSUTeSeZ2zPYJmPWu3E2Tpo16DwnvU9muoKCT9tqZ4DbdPPU+2fhg1vlfmVQthBf7sATeIi5WK1njA==; Domain=.cars.com; Path=/; Max-Age=7187; HttpOnly
D, [2018-08-24T10:03:41.964562 #69929] DEBUG -- : response-header: content-language => en-US
D, [2018-08-24T10:03:41.964646 #69929] DEBUG -- : Read 14636 bytes (14636 total)
D, [2018-08-24T10:03:41.965355 #69929] DEBUG -- : Read 9940 bytes (24576 total)
D, [2018-08-24T10:03:41.967712 #69929] DEBUG -- : Read 16127 bytes (40703 total)
D, [2018-08-24T10:03:41.969366 #69929] DEBUG -- : Read 14591 bytes (55294 total)
D, [2018-08-24T10:03:41.971806 #69929] DEBUG -- : Read 16374 bytes (71668 total)
D, [2018-08-24T10:03:41.971879 #69929] DEBUG -- : Read 10 bytes (71678 total)
D, [2018-08-24T10:03:41.972537 #69929] DEBUG -- : Read 2831 bytes (74509 total)
D, [2018-08-24T10:03:41.972684 #69929] DEBUG -- : gzip response
D, [2018-08-24T10:03:41.989079 #69929] DEBUG -- : saved cookie: affiliate=national
D, [2018-08-24T10:03:41.989188 #69929] DEBUG -- : saved cookie: BIGipServercars_dockerapp_swarm_prd=2369918124.20480.0000
D, [2018-08-24T10:03:41.989225 #69929] DEBUG -- : saved cookie: TS01952cdc=01fce1e7c4597b21727579e26bde3f859dbf55a728e24d5c59164a3c7c1804ac9aa7da7f45742817d0e4b7d3bac5942e9bdfba91a7
D, [2018-08-24T10:03:41.989290 #69929] DEBUG -- : saved cookie: TS01bf77fc=01fce1e7c490db845057f0f83d2c2ee96c170a6698f66d9374d2e971f11fc5f76388ead77b4a1e716f3fbb6d2addef7105d80b148e
D, [2018-08-24T10:03:41.989379 #69929] DEBUG -- : saved cookie: BIGipServercars_docker_rendering_prd=4232189100.16133.0000
D, [2018-08-24T10:03:41.989426 #69929] DEBUG -- : saved cookie: rollout=37
D, [2018-08-24T10:03:41.989464 #69929] DEBUG -- : saved cookie: TS01952cdc=01fce1e7c43ad653afb4f569fdbf64d346cc6b2a72b5d6b7df8a5ef1b135b2b7fb20c0ffef6a91f8fc661867387eb8f32050b5411e765f442445971bf0748c52a5a1c574bd6c8a9387ebae4b604441f0ee92c33afd955b4be8a22146046dbb9d82a7e7ea79
D, [2018-08-24T10:03:41.989522 #69929] DEBUG -- : saved cookie: TS01bf77fc=01fce1e7c4aaaa12034a21d8b5b7de3498253686986d8f895eb4ab595616d1ed3032cef17b0eb34a8f8b6c2bcdd7b2d9979c349bfbabb8febd7b3d330b99a7855e3ed913f2
D, [2018-08-24T10:03:41.989703 #69929] DEBUG -- : saved cookie: bm_sv=727D4F31FE8B4794318339581C34AEE0~ua9xYuIFYkzceatf4SWIH3ttvtX9JfpqhLslgQfrjHhgK11ZgA7QAhys5cW76vXJvieXQpnTVSUTeSeZ2zPYJmPWu3E2Tpo16DwnvU9muoKCT9tqZ4DbdPPU+2fhg1vlfmVQthBf7sATeIi5WK1njA==
I, [2018-08-24T10:03:43.658340 #69929]  INFO -- : Net::HTTP::Get: /research/honda-pilot-2019/specs/usc90hos031d0/
D, [2018-08-24T10:03:43.658390 #69929] DEBUG -- : request-header: accept-encoding => gzip,deflate,identity
D, [2018-08-24T10:03:43.658415 #69929] DEBUG -- : request-header: accept => */*
D, [2018-08-24T10:03:43.658436 #69929] DEBUG -- : request-header: user-agent => Mozilla/5.0 (Macintosh; Intel Mac OS X 10_11_2) AppleWebKit/601.3.9 (KHTML, like Gecko) Version/9.0.2 Safari/601.3.9
D, [2018-08-24T10:03:43.658457 #69929] DEBUG -- : request-header: accept-charset => ISO-8859-1,utf-8;q=0.7,*;q=0.7
D, [2018-08-24T10:03:43.658477 #69929] DEBUG -- : request-header: accept-language => en-us,en;q=0.5
D, [2018-08-24T10:03:43.658508 #69929] DEBUG -- : request-header: cookie => BIGipServercars_docker_rendering_prd=4232189100.16133.0000; BIGipServercars_dockerapp_swarm_prd=2369918124.20480.0000; TS01952cdc=01fce1e7c43ad653afb4f569fdbf64d346cc6b2a72b5d6b7df8a5ef1b135b2b7fb20c0ffef6a91f8fc661867387eb8f32050b5411e765f442445971bf0748c52a5a1c574bd6c8a9387ebae4b604441f0ee92c33afd955b4be8a22146046dbb9d82a7e7ea79; TS01bf77fc=01fce1e7c4aaaa12034a21d8b5b7de3498253686986d8f895eb4ab595616d1ed3032cef17b0eb34a8f8b6c2bcdd7b2d9979c349bfbabb8febd7b3d330b99a7855e3ed913f2; affiliate=national; ak_bmsc=0A07131D59AD845A8B3E7F6F06EF9B5CD0B976BB174A00003010805B215EB041~plxx8rpxoRRG/aK+ye/Fjgz6AvGU66DBFNyl1iQl8wCJ/Eaf6Zq2l2v/+XRpVjoNESs2IOQkYfs97iK+aojgn+5SVuxYUuUbPzC1s/yhFzQ8Iw22orMyPpchOM5TREoI6vq6cQFRwhEm6Oug9jnt7/G6lAPc3nZE3EaV3MdMMKEFkPSipSDQflctw/LCMDX+GUp5DSTg7Y1eXLmv3Vul/lP5Irmv8wMH/E4Uwri/UhC9s=; akaas_research_abtest=1535205808~rv=53~id=b5f8c092567534b61c4c54ccf569f8a6~rn=flyio-exp01; bm_mi=FAB02FFBD3513184BDA31AFF112366FE~2N3zoVr9+GImI62enKFmQsgiDkjyHTAasUFCVivJ2GHZNTxMy0e+b74DX2FRZrwj6ggkMfgNBBvZhjUucZNWpZMHQ2RrkajyJ0dJ5oHKOWUZXUw29AsaR5ptySLpwR4x7ZflksYzTpKZJcfByYBbyDz2K5W+22c5MCC882fB79vsIX7jIjMRKiq+Wt+cgZcyXc6cAO807+cfbgu8OzO9SmoCQookx1PYi2WHrkRD839+hMd5wjouV4NyFOITVChzCJ/nwro5WQlWd9XZYai26w==; bm_sv=727D4F31FE8B4794318339581C34AEE0~ua9xYuIFYkzceatf4SWIH3ttvtX9JfpqhLslgQfrjHhgK11ZgA7QAhys5cW76vXJvieXQpnTVSUTeSeZ2zPYJmPWu3E2Tpo16DwnvU9muoKCT9tqZ4DbdPPU+2fhg1vlfmVQthBf7sATeIi5WK1njA==; rollout=37; zipcode=92154
D, [2018-08-24T10:03:43.658528 #69929] DEBUG -- : request-header: host => www.cars.com
I, [2018-08-24T10:03:43.779739 #69929]  INFO -- : status: Net::HTTPOK 1.1 200 OK
D, [2018-08-24T10:03:43.779843 #69929] DEBUG -- : response-header: content-encoding => gzip
D, [2018-08-24T10:03:43.779878 #69929] DEBUG -- : response-header: content-type => text/html; charset=utf-8
D, [2018-08-24T10:03:43.779907 #69929] DEBUG -- : response-header: etag => 658e0c782b47c86ff332ccd471dbced6f829b348
D, [2018-08-24T10:03:43.779934 #69929] DEBUG -- : response-header: fly-age => 3473
D, [2018-08-24T10:03:43.779961 #69929] DEBUG -- : response-header: fly-cache => HIT+REFRESH (300s)
D, [2018-08-24T10:03:43.779988 #69929] DEBUG -- : response-header: fly-request-id => bIYWaeEU1JrhIDsEfnPmRUC4k9
D, [2018-08-24T10:03:43.780014 #69929] DEBUG -- : response-header: server => Fly.io/0.1.1
D, [2018-08-24T10:03:43.780906 #69929] DEBUG -- : response-header: vary => Accept-Encoding
D, [2018-08-24T10:03:43.780974 #69929] DEBUG -- : response-header: x-akamai-transformed => 9 - 0 pmb=mTOE,2
D, [2018-08-24T10:03:43.781019 #69929] DEBUG -- : response-header: cache-control => max-age=82941
D, [2018-08-24T10:03:43.781061 #69929] DEBUG -- : response-header: expires => Sat, 25 Aug 2018 13:06:04 GMT
D, [2018-08-24T10:03:43.781088 #69929] DEBUG -- : response-header: date => Fri, 24 Aug 2018 14:03:43 GMT
D, [2018-08-24T10:03:43.781145 #69929] DEBUG -- : response-header: transfer-encoding => chunked
D, [2018-08-24T10:03:43.781175 #69929] DEBUG -- : response-header: connection => keep-alive, Transfer-Encoding
D, [2018-08-24T10:03:43.781203 #69929] DEBUG -- : response-header: set-cookie => zipcode=24018; Secure; HttpOnly; SameSite=Strict; Path=/, affiliate=national; Secure; SameSite=Strict; Domain=.www.cars.com; Path=/, TS01952cdc=01fce1e7c466dbede21e3da8adf062f43d668c8a59d9ae944cd9f96d66541bb89a77bd7397be315c8a1d39ccd5260b626a554bf5c2; Path=/, TS01bf77fc=01fce1e7c43afd85c555a2590242b7b4c15063ec869bd0135f965da9e4b86ca9dd56d60e6431e6ee338bc1adce4548d3b4a46dc3b8; path=/; domain=.www.cars.com, BIGipServercars_docker_rendering_prd=4215411884.17925.0000; path=/, TS01952cdc=01fce1e7c40686ae9bfb40341f8641f67e776752fac1e1d07cd04b15544104c1b217a55ac1059a96b679f0dca6cbac599e673143eb6601c02574aca05c5c73756e4a83838e626b0d2f4be108ad9b3b33db7bad9c1c7850c4aee5fc24f0b78ae196f2cd03645581b996e4f720bef24fa314c1656e28c7a1cd765468aefb9c13f5a313724b092b7b00d3ec4ba63367909de98a90e27ff98167bf8fe917cd539251595eafe3ee; Path=/, TS01bf77fc=01fce1e7c425d3d3eb2ef60a789daf385cdb18af7be3655c27ba78ae9fd63b0baa4615715f1ee0f1a9b16f5f5b1af457612aa119f14b9bbf9f0e0ae4f37117dbe41cd2f9219bbdc08ffc7141c4fcdcabee29ca1a58534b22b4b5e0d2b6f8081efbb66e71803b851b14e5e82d1131f70c3df224a410; path=/; domain=.www.cars.com, bm_sv=727D4F31FE8B4794318339581C34AEE0~ua9xYuIFYkzceatf4SWIH3ttvtX9JfpqhLslgQfrjHhgK11ZgA7QAhys5cW76vXJvieXQpnTVSUTeSeZ2zPYJmPWu3E2Tpo16DwnvU9muoKjoQLpUifNIf9YKjBA5/ihRIn7sCfYHi5J++cQtw8Y8g==; Domain=.cars.com; Path=/; Max-Age=7185; HttpOnly
D, [2018-08-24T10:03:43.781232 #69929] DEBUG -- : response-header: content-language => en-US
D, [2018-08-24T10:03:43.781326 #69929] DEBUG -- : Read 14480 bytes (14480 total)
D, [2018-08-24T10:03:43.781437 #69929] DEBUG -- : Read 10096 bytes (24576 total)
D, [2018-08-24T10:03:43.781545 #69929] DEBUG -- : Read 16127 bytes (40703 total)
D, [2018-08-24T10:03:43.783342 #69929] DEBUG -- : Read 14591 bytes (55294 total)
D, [2018-08-24T10:03:43.785788 #69929] DEBUG -- : Read 16374 bytes (71668 total)
D, [2018-08-24T10:03:43.785863 #69929] DEBUG -- : Read 10 bytes (71678 total)
D, [2018-08-24T10:03:43.785941 #69929] DEBUG -- : Read 2831 bytes (74509 total)
D, [2018-08-24T10:03:43.786066 #69929] DEBUG -- : gzip response
D, [2018-08-24T10:03:43.802034 #69929] DEBUG -- : saved cookie: zipcode=24018
D, [2018-08-24T10:03:43.802120 #69929] DEBUG -- : saved cookie: affiliate=national
D, [2018-08-24T10:03:43.802159 #69929] DEBUG -- : saved cookie: TS01952cdc=01fce1e7c466dbede21e3da8adf062f43d668c8a59d9ae944cd9f96d66541bb89a77bd7397be315c8a1d39ccd5260b626a554bf5c2
D, [2018-08-24T10:03:43.802194 #69929] DEBUG -- : saved cookie: TS01bf77fc=01fce1e7c43afd85c555a2590242b7b4c15063ec869bd0135f965da9e4b86ca9dd56d60e6431e6ee338bc1adce4548d3b4a46dc3b8
D, [2018-08-24T10:03:43.802228 #69929] DEBUG -- : saved cookie: BIGipServercars_docker_rendering_prd=4215411884.17925.0000
D, [2018-08-24T10:03:43.802262 #69929] DEBUG -- : saved cookie: TS01952cdc=01fce1e7c40686ae9bfb40341f8641f67e776752fac1e1d07cd04b15544104c1b217a55ac1059a96b679f0dca6cbac599e673143eb6601c02574aca05c5c73756e4a83838e626b0d2f4be108ad9b3b33db7bad9c1c7850c4aee5fc24f0b78ae196f2cd03645581b996e4f720bef24fa314c1656e28c7a1cd765468aefb9c13f5a313724b092b7b00d3ec4ba63367909de98a90e27ff98167bf8fe917cd539251595eafe3ee
D, [2018-08-24T10:03:43.802295 #69929] DEBUG -- : saved cookie: TS01bf77fc=01fce1e7c425d3d3eb2ef60a789daf385cdb18af7be3655c27ba78ae9fd63b0baa4615715f1ee0f1a9b16f5f5b1af457612aa119f14b9bbf9f0e0ae4f37117dbe41cd2f9219bbdc08ffc7141c4fcdcabee29ca1a58534b22b4b5e0d2b6f8081efbb66e71803b851b14e5e82d1131f70c3df224a410
D, [2018-08-24T10:03:43.802399 #69929] DEBUG -- : saved cookie: bm_sv=727D4F31FE8B4794318339581C34AEE0~ua9xYuIFYkzceatf4SWIH3ttvtX9JfpqhLslgQfrjHhgK11ZgA7QAhys5cW76vXJvieXQpnTVSUTeSeZ2zPYJmPWu3E2Tpo16DwnvU9muoKjoQLpUifNIf9YKjBA5/ihRIn7sCfYHi5J++cQtw8Y8g==
I, [2018-08-24T10:03:45.760714 #69929]  INFO -- : Net::HTTP::Get: /research/honda-pilot-2019/specs/usc90hos031e0/
D, [2018-08-24T10:03:45.760815 #69929] DEBUG -- : request-header: accept-encoding => gzip,deflate,identity
D, [2018-08-24T10:03:45.760842 #69929] DEBUG -- : request-header: accept => */*
D, [2018-08-24T10:03:45.760862 #69929] DEBUG -- : request-header: user-agent => Mozilla/5.0 (Macintosh; Intel Mac OS X 10_11_2) AppleWebKit/601.3.9 (KHTML, like Gecko) Version/9.0.2 Safari/601.3.9
D, [2018-08-24T10:03:45.760882 #69929] DEBUG -- : request-header: accept-charset => ISO-8859-1,utf-8;q=0.7,*;q=0.7
D, [2018-08-24T10:03:45.760900 #69929] DEBUG -- : request-header: accept-language => en-us,en;q=0.5
D, [2018-08-24T10:03:45.760919 #69929] DEBUG -- : request-header: cookie => BIGipServercars_docker_rendering_prd=4215411884.17925.0000; BIGipServercars_dockerapp_swarm_prd=2369918124.20480.0000; TS01952cdc=01fce1e7c40686ae9bfb40341f8641f67e776752fac1e1d07cd04b15544104c1b217a55ac1059a96b679f0dca6cbac599e673143eb6601c02574aca05c5c73756e4a83838e626b0d2f4be108ad9b3b33db7bad9c1c7850c4aee5fc24f0b78ae196f2cd03645581b996e4f720bef24fa314c1656e28c7a1cd765468aefb9c13f5a313724b092b7b00d3ec4ba63367909de98a90e27ff98167bf8fe917cd539251595eafe3ee; TS01bf77fc=01fce1e7c425d3d3eb2ef60a789daf385cdb18af7be3655c27ba78ae9fd63b0baa4615715f1ee0f1a9b16f5f5b1af457612aa119f14b9bbf9f0e0ae4f37117dbe41cd2f9219bbdc08ffc7141c4fcdcabee29ca1a58534b22b4b5e0d2b6f8081efbb66e71803b851b14e5e82d1131f70c3df224a410; affiliate=national; ak_bmsc=0A07131D59AD845A8B3E7F6F06EF9B5CD0B976BB174A00003010805B215EB041~plxx8rpxoRRG/aK+ye/Fjgz6AvGU66DBFNyl1iQl8wCJ/Eaf6Zq2l2v/+XRpVjoNESs2IOQkYfs97iK+aojgn+5SVuxYUuUbPzC1s/yhFzQ8Iw22orMyPpchOM5TREoI6vq6cQFRwhEm6Oug9jnt7/G6lAPc3nZE3EaV3MdMMKEFkPSipSDQflctw/LCMDX+GUp5DSTg7Y1eXLmv3Vul/lP5Irmv8wMH/E4Uwri/UhC9s=; akaas_research_abtest=1535205808~rv=53~id=b5f8c092567534b61c4c54ccf569f8a6~rn=flyio-exp01; bm_mi=FAB02FFBD3513184BDA31AFF112366FE~2N3zoVr9+GImI62enKFmQsgiDkjyHTAasUFCVivJ2GHZNTxMy0e+b74DX2FRZrwj6ggkMfgNBBvZhjUucZNWpZMHQ2RrkajyJ0dJ5oHKOWUZXUw29AsaR5ptySLpwR4x7ZflksYzTpKZJcfByYBbyDz2K5W+22c5MCC882fB79vsIX7jIjMRKiq+Wt+cgZcyXc6cAO807+cfbgu8OzO9SmoCQookx1PYi2WHrkRD839+hMd5wjouV4NyFOITVChzCJ/nwro5WQlWd9XZYai26w==; bm_sv=727D4F31FE8B4794318339581C34AEE0~ua9xYuIFYkzceatf4SWIH3ttvtX9JfpqhLslgQfrjHhgK11ZgA7QAhys5cW76vXJvieXQpnTVSUTeSeZ2zPYJmPWu3E2Tpo16DwnvU9muoKjoQLpUifNIf9YKjBA5/ihRIn7sCfYHi5J++cQtw8Y8g==; rollout=37; zipcode=24018
D, [2018-08-24T10:03:45.760938 #69929] DEBUG -- : request-header: host => www.cars.com
I, [2018-08-24T10:03:45.842863 #69929]  INFO -- : status: Net::HTTPOK 1.1 200 OK
D, [2018-08-24T10:03:45.842939 #69929] DEBUG -- : response-header: content-encoding => gzip
D, [2018-08-24T10:03:45.842964 #69929] DEBUG -- : response-header: content-type => text/html; charset=utf-8
D, [2018-08-24T10:03:45.842984 #69929] DEBUG -- : response-header: etag => 06dd2fae87c5d223c24cd0e8885b8a16f15a4e6f
D, [2018-08-24T10:03:45.843004 #69929] DEBUG -- : response-header: fly-age => 3494
D, [2018-08-24T10:03:45.843022 #69929] DEBUG -- : response-header: fly-cache => HIT+REFRESH (300s)
D, [2018-08-24T10:03:45.843040 #69929] DEBUG -- : response-header: fly-request-id => bIYWaeUb9ldSwPCXUqo1kQstvc
D, [2018-08-24T10:03:45.843085 #69929] DEBUG -- : response-header: server => Fly.io/0.1.1
D, [2018-08-24T10:03:45.843105 #69929] DEBUG -- : response-header: vary => Accept-Encoding
D, [2018-08-24T10:03:45.843124 #69929] DEBUG -- : response-header: x-akamai-transformed => 9 - 0 pmb=mTOE,2
D, [2018-08-24T10:03:45.843142 #69929] DEBUG -- : response-header: cache-control => max-age=82874
D, [2018-08-24T10:03:45.843160 #69929] DEBUG -- : response-header: expires => Sat, 25 Aug 2018 13:04:59 GMT
D, [2018-08-24T10:03:45.843178 #69929] DEBUG -- : response-header: date => Fri, 24 Aug 2018 14:03:45 GMT
D, [2018-08-24T10:03:45.843196 #69929] DEBUG -- : response-header: transfer-encoding => chunked
D, [2018-08-24T10:03:45.843214 #69929] DEBUG -- : response-header: connection => keep-alive, Transfer-Encoding
D, [2018-08-24T10:03:45.843233 #69929] DEBUG -- : response-header: set-cookie => affiliate=national; Secure; SameSite=Strict; Domain=.www.cars.com; Path=/, TS01952cdc=01fce1e7c4724767f8e749eb3911fba834da40fca9533768512363ff75fac804ad7bf1213a; Path=/, TS01bf77fc=01fce1e7c4d9fc4a5e6902f55ddf64a23a3330383b9f99d2818dfee9e1f680fcdc7a1f8e989507f0213370178a4b269fd10d4a699b; path=/; domain=.www.cars.com, BIGipServercars_docker_rendering_prd=4248966316.16901.0000; path=/, TS01952cdc=01fce1e7c4c7d3bfb31769e2c3b54b711dedb4939ac1e1d07cd04b15544104c1b217a55ac1059a96b679f0dca6cbac599e673143eb6601c02574aca05c5c73756e4a83838e626b0d2f4be108ad9b3b33db7bad9c1c7850c4aee5fc24f0b78ae196f2cd0364f9423afaf001f921cd86c818f921644fc4a410be6ca88d94197c9c05b92b0234e9eadb646e824a29bbf1e748ab8147dd; Path=/, TS01bf77fc=01fce1e7c436e243fe74b9e04ea1bbe437a79af23ae3655c27ba78ae9fd63b0baa4615715f1ee0f1a9b16f5f5b1af457612aa119f14b9bbf9f0e0ae4f37117dbe41cd2f9219bbdc08ffc7141c4fcdcabee29ca1a58534b22b4b5e0d2b6f8081efbb66e71801996d744297dfff690f1feb5f3625eca; path=/; domain=.www.cars.com, bm_mi=FAB02FFBD3513184BDA31AFF112366FE~2N3zoVr9+GImI62enKFmQsgiDkjyHTAasUFCVivJ2GHZNTxMy0e+b74DX2FRZrwj6ggkMfgNBBvZhjUucZNWpZMHQ2RrkajyJ0dJ5oHKOWX80qGEc7SeaWJRMz2S9cZZxKdoXiaQxgh9/XQ5dR6qioyhK4E/uRCrME95UPVh3NZ+hMTCoMBehQLHvDsqu02sUJMeiDQ9zhIxHvQZrSIuZkIUbzoBueQzeZaKmhpm9pemS17QhG4roGzIG5SEdbRhAnOBP9TkUqrY//efOu9pd7moUC4E2ftBXi/rDeog3/E=; Domain=.cars.com; Path=/; Max-Age=7183; HttpOnly, bm_sv=727D4F31FE8B4794318339581C34AEE0~ua9xYuIFYkzceatf4SWIH3ttvtX9JfpqhLslgQfrjHhgK11ZgA7QAhys5cW76vXJvieXQpnTVSUTeSeZ2zPYJmPWu3E2Tpo16DwnvU9muoIKuQGw5wZlCJz/KZLKZ8GhYiBhUBxmet/SQh19s/0a5R7Szl5hKtCacQbNMwPCxrw=; Domain=.cars.com; Path=/; Max-Age=7183; HttpOnly
D, [2018-08-24T10:03:45.843258 #69929] DEBUG -- : response-header: content-language => en-US
D, [2018-08-24T10:03:45.843320 #69929] DEBUG -- : Read 14179 bytes (14179 total)
D, [2018-08-24T10:03:45.844324 #69929] DEBUG -- : Read 10397 bytes (24576 total)
D, [2018-08-24T10:03:45.846725 #69929] DEBUG -- : Read 16127 bytes (40703 total)
D, [2018-08-24T10:03:45.848359 #69929] DEBUG -- : Read 14591 bytes (55294 total)
D, [2018-08-24T10:03:45.850840 #69929] DEBUG -- : Read 16374 bytes (71668 total)
D, [2018-08-24T10:03:45.850894 #69929] DEBUG -- : Read 10 bytes (71678 total)
D, [2018-08-24T10:03:45.851685 #69929] DEBUG -- : Read 2804 bytes (74482 total)
D, [2018-08-24T10:03:45.851873 #69929] DEBUG -- : gzip response
D, [2018-08-24T10:03:45.865632 #69929] DEBUG -- : saved cookie: affiliate=national
D, [2018-08-24T10:03:45.865727 #69929] DEBUG -- : saved cookie: TS01952cdc=01fce1e7c4724767f8e749eb3911fba834da40fca9533768512363ff75fac804ad7bf1213a
D, [2018-08-24T10:03:45.865766 #69929] DEBUG -- : saved cookie: TS01bf77fc=01fce1e7c4d9fc4a5e6902f55ddf64a23a3330383b9f99d2818dfee9e1f680fcdc7a1f8e989507f0213370178a4b269fd10d4a699b
D, [2018-08-24T10:03:45.865798 #69929] DEBUG -- : saved cookie: BIGipServercars_docker_rendering_prd=4248966316.16901.0000
D, [2018-08-24T10:03:45.865831 #69929] DEBUG -- : saved cookie: TS01952cdc=01fce1e7c4c7d3bfb31769e2c3b54b711dedb4939ac1e1d07cd04b15544104c1b217a55ac1059a96b679f0dca6cbac599e673143eb6601c02574aca05c5c73756e4a83838e626b0d2f4be108ad9b3b33db7bad9c1c7850c4aee5fc24f0b78ae196f2cd0364f9423afaf001f921cd86c818f921644fc4a410be6ca88d94197c9c05b92b0234e9eadb646e824a29bbf1e748ab8147dd
D, [2018-08-24T10:03:45.865862 #69929] DEBUG -- : saved cookie: TS01bf77fc=01fce1e7c436e243fe74b9e04ea1bbe437a79af23ae3655c27ba78ae9fd63b0baa4615715f1ee0f1a9b16f5f5b1af457612aa119f14b9bbf9f0e0ae4f37117dbe41cd2f9219bbdc08ffc7141c4fcdcabee29ca1a58534b22b4b5e0d2b6f8081efbb66e71801996d744297dfff690f1feb5f3625eca
D, [2018-08-24T10:03:45.865997 #69929] DEBUG -- : saved cookie: bm_mi=FAB02FFBD3513184BDA31AFF112366FE~2N3zoVr9+GImI62enKFmQsgiDkjyHTAasUFCVivJ2GHZNTxMy0e+b74DX2FRZrwj6ggkMfgNBBvZhjUucZNWpZMHQ2RrkajyJ0dJ5oHKOWX80qGEc7SeaWJRMz2S9cZZxKdoXiaQxgh9/XQ5dR6qioyhK4E/uRCrME95UPVh3NZ+hMTCoMBehQLHvDsqu02sUJMeiDQ9zhIxHvQZrSIuZkIUbzoBueQzeZaKmhpm9pemS17QhG4roGzIG5SEdbRhAnOBP9TkUqrY//efOu9pd7moUC4E2ftBXi/rDeog3/E=
D, [2018-08-24T10:03:45.866115 #69929] DEBUG -- : saved cookie: bm_sv=727D4F31FE8B4794318339581C34AEE0~ua9xYuIFYkzceatf4SWIH3ttvtX9JfpqhLslgQfrjHhgK11ZgA7QAhys5cW76vXJvieXQpnTVSUTeSeZ2zPYJmPWu3E2Tpo16DwnvU9muoIKuQGw5wZlCJz/KZLKZ8GhYiBhUBxmet/SQh19s/0a5R7Szl5hKtCacQbNMwPCxrw=
